15:24:29 [INFO] [AREA #1] Visited https://www.mountainproject.com/area/106358863/mount-nemo
15:24:30 [INFO] [AREA #2] Visited https://www.mountainproject.com/area/114955396/the-turtle
15:24:31 [INFO] [ROUTE #0] Visited https://www.mountainproject.com/route/124845554/20-feet-to-france
15:24:31 [INFO] N-Images: 0
15:24:32 [INFO] [ROUTE #1] Visited https://www.mountainproject.com/route/122686631/we-were-promised-jetpacks
15:24:32 [INFO] N-Images: 1
15:24:32 [INFO] [ROUTE #2] Visited https://www.mountainproject.com/route/124845516/the-deuce
15:24:32 [INFO] N-Images: 0
15:24:32 [INFO] [ROUTE #3] Visited https://www.mountainproject.com/route/122629767/target-guam
15:24:32 [INFO] N-Images: 1
15:24:32 [INFO] [ROUTE #4] Visited https://www.mountainproject.com/route/114955421/the-swan-king
15:24:32 [INFO] N-Images: 0
15:24:32 [INFO] [ROUTE #5] Visited https://www.mountainproject.com/route/115337721/sid
15:24:32 [INFO] N-Images: 1
15:24:32 [INFO] [ROUTE #6] Visited https://www.mountainproject.com/route/115337676/jens-corner
15:24:32 [INFO] N-Images: 2
15:24:32 [INFO] [ROUTE #7] Visited https://www.mountainproject.com/route/124845502/nancy
15:24:32 [INFO] N-Images: 0
15:24:32 [INFO] [ROUTE #8] Visited https://www.mountainproject.com/route/114955411/boneshaker
15:24:32 [INFO] N-Images: 1
15:24:32 [INFO] [ROUTE #9] Visited https://www.mountainproject.com/route/123228277/left-popsicle-twin
15:24:32 [INFO] N-Images: 1
15:24:32 [INFO] [ROUTE #10] Visited https://www.mountainproject.com/route/124845591/rude-roof-closed-project
15:24:32 [INFO] N-Images: 0
15:24:32 [INFO] [ROUTE #11] Visited https://www.mountainproject.com/route/114955452/zen-and-the-art-of-archery
15:24:32 [INFO] N-Images: 1
15:24:32 [INFO] [ROUTE #12] Visited https://www.mountainproject.com/route/121543533/zack-attack
15:24:32 [INFO] N-Images: 0
15:24:32 [INFO] [ROUTE #13] Visited https://www.mountainproject.com/route/121506507/blondie
15:24:32 [INFO] N-Images: 2
15:24:32 [INFO] [ROUTE #14] Visited https://www.mountainproject.com/route/122240040/forgotten-rebels
15:24:32 [INFO] N-Images: 1
15:24:32 [INFO] [ROUTE #15] Visited https://www.mountainproject.com/route/122240066/mad-dog
15:24:32 [INFO] N-Images: 1
15:24:33 [INFO] [ROUTE #16] Visited https://www.mountainproject.com/route/122239991/vuvuzela
15:24:33 [INFO] N-Images: 1
15:24:33 [INFO] [ROUTE #17] Visited https://www.mountainproject.com/route/121506484/swiss-cheese
15:24:33 [INFO] N-Images: 2
15:24:33 [INFO] [ROUTE #18] Visited https://www.mountainproject.com/route/122686700/cathys-challenge
15:24:33 [INFO] N-Images: 1
15:24:33 [INFO] [ROUTE #19] Visited https://www.mountainproject.com/route/121543560/right-popsicle-twin
15:24:33 [INFO] N-Images: 1
15:24:33 [INFO] [ROUTE #20] Visited https://www.mountainproject.com/route/115337702/the-snapper
15:24:33 [INFO] N-Images: 2
15:24:33 [INFO] [ROUTE #21] Visited https://www.mountainproject.com/route/114955448/journey-to-ixtlan
15:24:33 [INFO] N-Images: 0
15:24:33 [INFO] [ROUTE #22] Visited https://www.mountainproject.com/route/114955439/sick-runouts
15:24:33 [INFO] N-Images: 6
15:24:33 [INFO] [AREA #3] Visited https://www.mountainproject.com/area/123226886/the-quiet-section
15:24:34 [INFO] [ROUTE #23] Visited https://www.mountainproject.com/route/123226904/bookends
15:24:34 [INFO] N-Images: 1
15:24:34 [INFO] [ROUTE #24] Visited https://www.mountainproject.com/route/123226954/thesaureor
15:24:34 [INFO] N-Images: 0
15:24:34 [INFO] [AREA #4] Visited https://www.mountainproject.com/area/123201822/big-game-ledge
15:24:36 [INFO] [ROUTE #25] Visited https://www.mountainproject.com/route/123201855/big-game-tag
15:24:36 [INFO] N-Images: 0
15:24:36 [INFO] [ROUTE #26] Visited https://www.mountainproject.com/route/127134716/missing-toe
15:24:36 [INFO] N-Images: 1
15:24:36 [INFO] [ROUTE #27] Visited https://www.mountainproject.com/route/124043912/nacho
15:24:36 [INFO] N-Images: 0
15:24:36 [INFO] [ROUTE #28] Visited https://www.mountainproject.com/route/124478857/sundog
15:24:36 [INFO] N-Images: 0
15:24:36 [INFO] [ROUTE #29] Visited https://www.mountainproject.com/route/124043871/tortilla
15:24:36 [INFO] N-Images: 0
15:24:36 [INFO] [ROUTE #30] Visited https://www.mountainproject.com/route/124043891/burrito
15:24:36 [INFO] N-Images: 0
15:24:36 [INFO] [ROUTE #31] Visited https://www.mountainproject.com/route/122526626/nova
15:24:36 [INFO] N-Images: 0
15:24:36 [INFO] [ROUTE #32] Visited https://www.mountainproject.com/route/122526637/taco
15:24:36 [INFO] N-Images: 0
15:24:36 [INFO] [AREA #5] Visited https://www.mountainproject.com/area/108153367/gooseberry
15:24:37 [INFO] [ROUTE #33] Visited https://www.mountainproject.com/route/108161787/easy-steps
15:24:37 [INFO] N-Images: 2
15:24:37 [INFO] [ROUTE #34] Visited https://www.mountainproject.com/route/113194676/easy-does-it
15:24:37 [INFO] N-Images: 0
15:24:37 [INFO] [ROUTE #35] Visited https://www.mountainproject.com/route/108161792/half-of-64
15:24:37 [INFO] N-Images: 0
15:24:37 [INFO] [ROUTE #36] Visited https://www.mountainproject.com/route/122450558/rimes-with-orange
15:24:37 [INFO] N-Images: 0
15:24:37 [INFO] [ROUTE #37] Visited https://www.mountainproject.com/route/114486878/the-black-wall
15:24:37 [INFO] N-Images: 1
15:24:37 [INFO] [ROUTE #38] Visited https://www.mountainproject.com/route/113194687/no-sweat
15:24:37 [INFO] N-Images: 0
15:24:37 [INFO] [ROUTE #39] Visited https://www.mountainproject.com/route/114486884/sharptooth
15:24:37 [INFO] N-Images: 0
15:24:37 [INFO] [ROUTE #40] Visited https://www.mountainproject.com/route/113387960/fixing-the-bridge
15:24:37 [INFO] N-Images: 0
15:24:37 [INFO] [ROUTE #41] Visited https://www.mountainproject.com/route/108153370/too-fast-in-fog
15:24:37 [INFO] N-Images: 1
15:24:37 [INFO] [ROUTE #42] Visited https://www.mountainproject.com/route/114486872/good-to-the-last-drop
15:24:37 [INFO] N-Images: 0
15:24:37 [INFO] [AREA #6] Visited https://www.mountainproject.com/area/108153385/the-big-section
15:24:38 [INFO] [ROUTE #43] Visited https://www.mountainproject.com/route/108153403/tits-up
15:24:38 [INFO] N-Images: 1
15:24:38 [INFO] [ROUTE #44] Visited https://www.mountainproject.com/route/108286061/nips
15:24:38 [INFO] N-Images: 0
15:24:38 [INFO] [ROUTE #45] Visited https://www.mountainproject.com/route/108161813/friday-fliers
15:24:38 [INFO] N-Images: 1
15:24:38 [INFO] [ROUTE #46] Visited https://www.mountainproject.com/route/108286047/circling-the-areola
15:24:38 [INFO] N-Images: 0
15:24:38 [INFO] [ROUTE #47] Visited https://www.mountainproject.com/route/108296429/mikes-peel
15:24:38 [INFO] N-Images: 0
15:24:38 [INFO] [ROUTE #48] Visited https://www.mountainproject.com/route/108153388/now-what
15:24:38 [INFO] N-Images: 1
15:24:38 [INFO] [ROUTE #49] Visited https://www.mountainproject.com/route/108161799/hollow-winds
15:24:38 [INFO] N-Images: 0
15:24:38 [INFO] [AREA #7] Visited https://www.mountainproject.com/area/126751597/the-dead-zone
15:24:39 [INFO] [ROUTE #50] Visited https://www.mountainproject.com/route/126751607/duff
15:24:39 [INFO] N-Images: 1
15:24:39 [INFO] [ROUTE #51] Visited https://www.mountainproject.com/route/126751848/dufte
15:24:39 [INFO] N-Images: 0
15:24:39 [INFO] [AREA #8] Visited https://www.mountainproject.com/area/108153463/helmuts-wall
15:24:40 [INFO] [ROUTE #52] Visited https://www.mountainproject.com/route/108153466/helmuts-route
15:24:40 [INFO] N-Images: 0
15:24:40 [INFO] [ROUTE #53] Visited https://www.mountainproject.com/route/200861065/adrenaline-junkie
15:24:40 [INFO] N-Images: 0
15:24:40 [INFO] [ROUTE #54] Visited https://www.mountainproject.com/route/113639967/dicks-direct
15:24:40 [INFO] N-Images: 0
15:24:40 [INFO] [ROUTE #55] Visited https://www.mountainproject.com/route/201563509/hand-that-cradles-the-rock
15:24:40 [INFO] N-Images: 0
15:24:40 [INFO] [AREA #9] Visited https://www.mountainproject.com/area/113151167/central-wall
15:24:41 [INFO] [ROUTE #56] Visited https://www.mountainproject.com/route/113194706/cinderella
15:24:41 [INFO] N-Images: 1
15:24:41 [INFO] [ROUTE #57] Visited https://www.mountainproject.com/route/114487820/weak-and-fat-will-work-for-asparagus
15:24:41 [INFO] N-Images: 2
15:24:41 [INFO] [ROUTE #58] Visited https://www.mountainproject.com/route/113151190/are-you-a-fireman-so-why-the-big-hose
15:24:41 [INFO] N-Images: 2
15:24:41 [INFO] [ROUTE #59] Visited https://www.mountainproject.com/route/114487664/mean-streaks
15:24:41 [INFO] N-Images: 2
15:24:41 [INFO] [ROUTE #60] Visited https://www.mountainproject.com/route/114487770/nicorette
15:24:41 [INFO] N-Images: 2
15:24:41 [INFO] [ROUTE #61] Visited https://www.mountainproject.com/route/114487828/enchiridion
15:24:41 [INFO] N-Images: 1
15:24:41 [INFO] [ROUTE #62] Visited https://www.mountainproject.com/route/113194734/the-roof
15:24:41 [INFO] N-Images: 1
15:24:41 [INFO] [ROUTE #63] Visited https://www.mountainproject.com/route/115138589/polly-direct
15:24:41 [INFO] N-Images: 1
15:24:41 [INFO] [ROUTE #64] Visited https://www.mountainproject.com/route/113151173/ten-pound-lunker-bass
15:24:41 [INFO] N-Images: 0
15:24:41 [INFO] [ROUTE #65] Visited https://www.mountainproject.com/route/113151230/farewell-infidel
15:24:41 [INFO] N-Images: 0
15:24:41 [INFO] [ROUTE #66] Visited https://www.mountainproject.com/route/114487748/scarface
15:24:41 [INFO] N-Images: 2
15:24:41 [INFO] [ROUTE #67] Visited https://www.mountainproject.com/route/113194718/polly-vicini
15:24:41 [INFO] N-Images: 1
15:24:41 [INFO] [AREA #10] Visited https://www.mountainproject.com/area/108153479/alfreds-wall
15:24:42 [INFO] [ROUTE #68] Visited https://www.mountainproject.com/route/115372665/lost-in-the-forest
15:24:42 [INFO] N-Images: 1
15:24:42 [INFO] [ROUTE #69] Visited https://www.mountainproject.com/route/113182687/anticlimax
15:24:42 [INFO] N-Images: 0
15:24:42 [INFO] [ROUTE #70] Visited https://www.mountainproject.com/route/113461332/as-you-like-it
15:24:42 [INFO] N-Images: 3
15:24:42 [INFO] [ROUTE #71] Visited https://www.mountainproject.com/route/115372790/the-seventh-origin-of-alfred
15:24:42 [INFO] N-Images: 3
15:24:42 [INFO] [ROUTE #72] Visited https://www.mountainproject.com/route/114487869/wishbone
15:24:42 [INFO] N-Images: 1
15:24:42 [INFO] [ROUTE #73] Visited https://www.mountainproject.com/route/108296452/vanna-pick-me-a-number
15:24:42 [INFO] N-Images: 0
15:24:42 [INFO] [ROUTE #74] Visited https://www.mountainproject.com/route/114487910/running-towards-nothing
15:24:42 [INFO] N-Images: 1
15:24:42 [INFO] [ROUTE #75] Visited https://www.mountainproject.com/route/108153491/erics-first
15:24:42 [INFO] N-Images: 0
15:24:42 [INFO] [ROUTE #76] Visited https://www.mountainproject.com/route/122448263/leah
15:24:42 [INFO] N-Images: 0
15:24:42 [INFO] [ROUTE #77] Visited https://www.mountainproject.com/route/113182712/live-bait
15:24:42 [INFO] N-Images: 2
15:24:43 [INFO] [ROUTE #78] Visited https://www.mountainproject.com/route/114487854/stand-and-deliver
15:24:43 [INFO] N-Images: 0
15:24:43 [INFO] [ROUTE #79] Visited https://www.mountainproject.com/route/108153503/crazy-legs-ale
15:24:43 [INFO] N-Images: 0
15:24:43 [INFO] [ROUTE #80] Visited https://www.mountainproject.com/route/113182702/wide-load
15:24:43 [INFO] N-Images: 3
15:24:43 [INFO] [AREA #11] Visited https://www.mountainproject.com/area/108286023/iguana-wall
15:24:44 [INFO] [ROUTE #81] Visited https://www.mountainproject.com/route/122449862/big-bolts-for-daddy
15:24:44 [INFO] N-Images: 1
15:24:44 [INFO] [ROUTE #82] Visited https://www.mountainproject.com/route/113553057/the-hunchback
15:24:44 [INFO] N-Images: 1
15:24:44 [INFO] [ROUTE #83] Visited https://www.mountainproject.com/route/126377267/revival
15:24:44 [INFO] N-Images: 0
15:24:44 [INFO] [ROUTE #84] Visited https://www.mountainproject.com/route/114488017/catch-as-catch-can
15:24:44 [INFO] N-Images: 0
15:24:44 [INFO] [ROUTE #85] Visited https://www.mountainproject.com/route/114487971/forever-young
15:24:44 [INFO] N-Images: 1
15:24:44 [INFO] [ROUTE #86] Visited https://www.mountainproject.com/route/108286033/third-time-lucky
15:24:44 [INFO] N-Images: 1
15:24:44 [INFO] [ROUTE #87] Visited https://www.mountainproject.com/route/123182971/earthmen
15:24:44 [INFO] N-Images: 1
15:24:44 [INFO] [ROUTE #88] Visited https://www.mountainproject.com/route/125184346/iguana-corner
15:24:44 [INFO] N-Images: 0
15:24:44 [INFO] [ROUTE #89] Visited https://www.mountainproject.com/route/126377330/big-o-tree
15:24:44 [INFO] N-Images: 0
15:24:44 [INFO] [ROUTE #90] Visited https://www.mountainproject.com/route/114487954/train-in-vain
15:24:44 [INFO] N-Images: 1
15:24:44 [INFO] [ROUTE #91] Visited https://www.mountainproject.com/route/122449871/upper-canada-rebellion
15:24:44 [INFO] N-Images: 2
15:24:44 [INFO] [ROUTE #92] Visited https://www.mountainproject.com/route/113194766/is-she-pretty
15:24:44 [INFO] N-Images: 2
15:24:44 [INFO] [ROUTE #93] Visited https://www.mountainproject.com/route/121604013/ten-d-nitus
15:24:44 [INFO] N-Images: 2
15:24:44 [INFO] [ROUTE #94] Visited https://www.mountainproject.com/route/113664885/nostalgia
15:24:44 [INFO] N-Images: 1
15:24:44 [INFO] [ROUTE #95] Visited https://www.mountainproject.com/route/113194752/i-owe-a-lot-of-money-to-a-man-name-guido
15:24:44 [INFO] N-Images: 4
15:24:44 [INFO] [ROUTE #96] Visited https://www.mountainproject.com/route/114487947/fear-and-loathing
15:24:44 [INFO] N-Images: 1
15:24:44 [INFO] [ROUTE #97] Visited https://www.mountainproject.com/route/113562344/the-odyssey
15:24:44 [INFO] N-Images: 2
15:24:44 [INFO] [ROUTE #98] Visited https://www.mountainproject.com/route/114487997/tall-order
15:24:44 [INFO] N-Images: 0
15:24:44 [INFO] [AREA #12] Visited https://www.mountainproject.com/area/108285999/white-trash
15:24:45 [INFO] [ROUTE #99] Visited https://www.mountainproject.com/route/127150031/big-game-tag
15:24:45 [INFO] N-Images: 0
15:24:45 [INFO] [ROUTE #100] Visited https://www.mountainproject.com/route/127150014/weekend-warrior
15:24:45 [INFO] N-Images: 0
15:24:45 [INFO] [ROUTE #101] Visited https://www.mountainproject.com/route/127149959/lost-and-found
15:24:45 [INFO] N-Images: 0
15:24:46 [INFO] [ROUTE #102] Visited https://www.mountainproject.com/route/127149945/eclipse
15:24:46 [INFO] N-Images: 0
15:24:46 [INFO] [ROUTE #103] Visited https://www.mountainproject.com/route/127150080/enchilada
15:24:46 [INFO] N-Images: 0
15:24:46 [INFO] [ROUTE #104] Visited https://www.mountainproject.com/route/127150044/nacho
15:24:46 [INFO] N-Images: 0
15:24:46 [INFO] [ROUTE #105] Visited https://www.mountainproject.com/route/125184286/the-punk-and-the-godfather
15:24:46 [INFO] N-Images: 0
15:24:46 [INFO] [ROUTE #106] Visited https://www.mountainproject.com/route/127150090/burrito
15:24:46 [INFO] N-Images: 0
15:24:46 [INFO] [ROUTE #107] Visited https://www.mountainproject.com/route/116993065/sundog
15:24:46 [INFO] N-Images: 2
15:24:46 [INFO] [ROUTE #108] Visited https://www.mountainproject.com/route/127150058/kung-fu-queue
15:24:46 [INFO] N-Images: 0
15:24:46 [INFO] [ROUTE #109] Visited https://www.mountainproject.com/route/108286007/plastic-warriors-need-not-apply
15:24:46 [INFO] N-Images: 0
15:24:46 [INFO] [AREA #13] Visited https://www.mountainproject.com/area/115125388/the-castle
15:24:47 [INFO] [ROUTE #110] Visited https://www.mountainproject.com/route/117029149/come-and-get-it
15:24:47 [INFO] N-Images: 1
15:24:47 [INFO] [ROUTE #111] Visited https://www.mountainproject.com/route/201087486/elegy-for-gut
15:24:47 [INFO] N-Images: 0
15:24:47 [INFO] [ROUTE #112] Visited https://www.mountainproject.com/route/122526609/weekend-warrior
15:24:47 [INFO] N-Images: 0
15:24:47 [INFO] [ROUTE #113] Visited https://www.mountainproject.com/route/127150176/the-castle
15:24:47 [INFO] N-Images: 0
15:24:47 [INFO] [ROUTE #114] Visited https://www.mountainproject.com/route/127150117/make-my-day
15:24:47 [INFO] N-Images: 0
15:24:47 [INFO] [ROUTE #115] Visited https://www.mountainproject.com/route/125140298/death-block-roulette
15:24:47 [INFO] N-Images: 0
15:24:47 [INFO] [ROUTE #116] Visited https://www.mountainproject.com/route/115125465/hybrid
15:24:47 [INFO] N-Images: 1
15:24:47 [INFO] [ROUTE #117] Visited https://www.mountainproject.com/route/113408246/hiromis-route
15:24:47 [INFO] N-Images: 3
15:24:47 [INFO] [ROUTE #118] Visited https://www.mountainproject.com/route/126918299/oh-ya-it-fits
15:24:47 [INFO] N-Images: 0
15:24:47 [INFO] [ROUTE #119] Visited https://www.mountainproject.com/route/127150142/where-eagles-dare
15:24:47 [INFO] N-Images: 0
15:24:47 [INFO] [AREA #14] Visited https://www.mountainproject.com/area/108296639/dance-wall
15:24:48 [INFO] [ROUTE #120] Visited https://www.mountainproject.com/route/113408214/bolero
15:24:48 [INFO] N-Images: 3
15:24:48 [INFO] [ROUTE #121] Visited https://www.mountainproject.com/route/124478885/lest-we-forget
15:24:48 [INFO] N-Images: 0
15:24:48 [INFO] [ROUTE #122] Visited https://www.mountainproject.com/route/114488222/twist
15:24:48 [INFO] N-Images: 1
15:24:48 [INFO] [ROUTE #123] Visited https://www.mountainproject.com/route/113586221/cha-cha
15:24:48 [INFO] N-Images: 1
15:24:48 [INFO] [ROUTE #124] Visited https://www.mountainproject.com/route/117393169/mambo
15:24:48 [INFO] N-Images: 0
15:24:48 [INFO] [ROUTE #125] Visited https://www.mountainproject.com/route/108296646/grunge
15:24:48 [INFO] N-Images: 2
15:24:48 [INFO] [ROUTE #126] Visited https://www.mountainproject.com/route/114488207/two-to-tango
15:24:48 [INFO] N-Images: 0
15:24:48 [INFO] [ROUTE #127] Visited https://www.mountainproject.com/route/113388011/polka
15:24:48 [INFO] N-Images: 1
15:24:48 [INFO] [ROUTE #128] Visited https://www.mountainproject.com/route/113388014/zoomba
15:24:48 [INFO] N-Images: 2
15:24:48 [INFO] [ROUTE #129] Visited https://www.mountainproject.com/route/114488118/upwardly-mobile
15:24:48 [INFO] N-Images: 0
15:24:48 [INFO] [ROUTE #130] Visited https://www.mountainproject.com/route/126871587/stupid-tree
15:24:48 [INFO] N-Images: 0
15:24:49 [INFO] [ROUTE #131] Visited https://www.mountainproject.com/route/113387991/foxtrot
15:24:49 [INFO] N-Images: 3
15:24:49 [INFO] [ROUTE #132] Visited https://www.mountainproject.com/route/117000097/rumba
15:24:49 [INFO] N-Images: 1
15:24:49 [INFO] [ROUTE #133] Visited https://www.mountainproject.com/route/113388004/the-charleston
15:24:49 [INFO] N-Images: 1
15:24:49 [INFO] [ROUTE #134] Visited https://www.mountainproject.com/route/126918360/winter-carnival
15:24:49 [INFO] N-Images: 0
15:24:49 [INFO] [ROUTE #135] Visited https://www.mountainproject.com/route/117393156/tango
15:24:49 [INFO] N-Images: 0
15:24:49 [INFO] [ROUTE #136] Visited https://www.mountainproject.com/route/125263342/spring-thaw
15:24:49 [INFO] N-Images: 0
15:24:49 [INFO] [ROUTE #137] Visited https://www.mountainproject.com/route/113387984/sian
15:24:49 [INFO] N-Images: 0
15:24:49 [INFO] [ROUTE #138] Visited https://www.mountainproject.com/route/114488191/climb-story
15:24:49 [INFO] N-Images: 1
15:24:49 [INFO] [AREA #15] Visited https://www.mountainproject.com/area/108285945/ivory-tower
15:24:50 [INFO] [ROUTE #139] Visited https://www.mountainproject.com/route/108285950/the-510
15:24:50 [INFO] N-Images: 0
15:24:50 [INFO] [ROUTE #140] Visited https://www.mountainproject.com/route/114488283/the-long-wait
15:24:50 [INFO] N-Images: 1
15:24:50 [INFO] [ROUTE #141] Visited https://www.mountainproject.com/route/114488253/crazy-doctor
15:24:50 [INFO] N-Images: 0
15:24:50 [INFO] [ROUTE #142] Visited https://www.mountainproject.com/route/114488264/zona-rosa
15:24:50 [INFO] N-Images: 0
15:24:50 [INFO] [ROUTE #143] Visited https://www.mountainproject.com/route/124552250/bam-pow-zowie
15:24:50 [INFO] N-Images: 0
15:24:50 [INFO] [AREA #16] Visited https://www.mountainproject.com/area/108285912/new-wall
15:24:51 [INFO] [ROUTE #144] Visited https://www.mountainproject.com/route/108285915/goose
15:24:51 [INFO] N-Images: 0
15:24:51 [INFO] [ROUTE #145] Visited https://www.mountainproject.com/route/114488310/irreplaceable
15:24:51 [INFO] N-Images: 0
15:24:51 [INFO] [ROUTE #146] Visited https://www.mountainproject.com/route/116834232/unity
15:24:51 [INFO] N-Images: 0
15:24:51 [INFO] [AREA #17] Visited https://www.mountainproject.com/area/114977107/ground-zero-area
15:24:51 [INFO] [ROUTE #147] Visited https://www.mountainproject.com/route/114978719/ground-zero
15:24:51 [INFO] N-Images: 1
15:24:51 [INFO] [ROUTE #148] Visited https://www.mountainproject.com/route/116834409/aftershock
15:24:51 [INFO] N-Images: 0
15:24:51 [INFO] [ROUTE #149] Visited https://www.mountainproject.com/route/116834560/access
15:24:51 [INFO] N-Images: 0
15:24:51 [INFO] [ROUTE #150] Visited https://www.mountainproject.com/route/116834533/double-feature
15:24:51 [INFO] N-Images: 0
15:24:51 [INFO] [ROUTE #151] Visited https://www.mountainproject.com/route/116834469/mephisto
15:24:51 [INFO] N-Images: 0
15:24:51 [INFO] [AREA #18] Visited https://www.mountainproject.com/area/108221370/the-cats-tail
15:24:52 [INFO] [ROUTE #152] Visited https://www.mountainproject.com/route/113799211/the-graduate
15:24:53 [INFO] N-Images: 6
15:24:53 [INFO] [ROUTE #153] Visited https://www.mountainproject.com/route/108285890/stuck-in-the-middle
15:24:53 [INFO] N-Images: 1
15:24:53 [INFO] [ROUTE #154] Visited https://www.mountainproject.com/route/115320038/dogleg
15:24:53 [INFO] N-Images: 1
15:24:53 [INFO] [ROUTE #155] Visited https://www.mountainproject.com/route/123055555/the-cats-whisker
15:24:53 [INFO] N-Images: 0
15:24:53 [INFO] [ROUTE #156] Visited https://www.mountainproject.com/route/124731650/rays-ceiling
15:24:53 [INFO] N-Images: 1
15:24:53 [INFO] [ROUTE #157] Visited https://www.mountainproject.com/route/124731685/knees-and-elbows
15:24:53 [INFO] N-Images: 2
15:24:53 [INFO] [ROUTE #158] Visited https://www.mountainproject.com/route/114551040/o-the-cats-tail-1040
15:24:53 [INFO] N-Images: 1
15:24:53 [INFO] [ROUTE #159] Visited https://www.mountainproject.com/route/113522192/swan-song
15:24:53 [INFO] N-Images: 8
15:24:53 [INFO] [ROUTE #160] Visited https://www.mountainproject.com/route/114551046/route-77
15:24:53 [INFO] N-Images: 2
15:24:53 [INFO] [ROUTE #161] Visited https://www.mountainproject.com/route/117881021/route-66
15:24:53 [INFO] N-Images: 2
15:24:53 [INFO] [ROUTE #162] Visited https://www.mountainproject.com/route/108285900/second-agreement
15:24:53 [INFO] N-Images: 0
15:24:53 [INFO] [ROUTE #163] Visited https://www.mountainproject.com/route/108221375/the-cats-tail
15:24:53 [INFO] N-Images: 8
15:24:53 [WARNING] [Attempt 1] Failed to fetch https://www.mountainproject.com/route/108221381/the-big-f: 500, message='Internal Server Error', url='https://www.mountainproject.com/route/108221381/the-big-f'
15:24:55 [WARNING] [Attempt 2] Failed to fetch https://www.mountainproject.com/route/108221381/the-big-f: 500, message='Internal Server Error', url='https://www.mountainproject.com/route/108221381/the-big-f'
15:24:58 [WARNING] [Attempt 3] Failed to fetch https://www.mountainproject.com/route/108221381/the-big-f: 500, message='Internal Server Error', url='https://www.mountainproject.com/route/108221381/the-big-f'
15:25:00 [ERROR] Failed to fetch https://www.mountainproject.com/route/108221381/the-big-f after 3 attempts
15:27:54 [INFO] [AREA #1] Visited https://www.mountainproject.com/area/106358863/mount-nemo
15:27:55 [INFO] [AREA #2] Visited https://www.mountainproject.com/area/114955396/the-turtle
15:27:56 [INFO] [ROUTE #0] Visited https://www.mountainproject.com/route/124845554/20-feet-to-france
15:27:56 [INFO] N-Images: 0
15:27:57 [INFO] [ROUTE #1] Visited https://www.mountainproject.com/route/122629767/target-guam
15:27:57 [INFO] N-Images: 1
15:27:57 [INFO] [ROUTE #2] Visited https://www.mountainproject.com/route/115337676/jens-corner
15:27:57 [INFO] N-Images: 2
15:27:57 [INFO] [ROUTE #3] Visited https://www.mountainproject.com/route/114955411/boneshaker
15:27:57 [INFO] N-Images: 1
15:27:57 [INFO] [ROUTE #4] Visited https://www.mountainproject.com/route/114955421/the-swan-king
15:27:57 [INFO] N-Images: 0
15:27:57 [INFO] [ROUTE #5] Visited https://www.mountainproject.com/route/123228277/left-popsicle-twin
15:27:57 [INFO] N-Images: 1
15:27:58 [INFO] [ROUTE #6] Visited https://www.mountainproject.com/route/115337721/sid
15:27:58 [INFO] N-Images: 1
15:27:58 [INFO] [ROUTE #7] Visited https://www.mountainproject.com/route/114955452/zen-and-the-art-of-archery
15:27:58 [INFO] N-Images: 1
15:27:58 [INFO] [ROUTE #8] Visited https://www.mountainproject.com/route/124845516/the-deuce
15:27:58 [INFO] N-Images: 0
15:27:58 [INFO] [ROUTE #9] Visited https://www.mountainproject.com/route/124845502/nancy
15:27:58 [INFO] N-Images: 0
15:27:58 [INFO] [ROUTE #10] Visited https://www.mountainproject.com/route/114955439/sick-runouts
15:27:58 [INFO] N-Images: 6
15:27:58 [INFO] [ROUTE #11] Visited https://www.mountainproject.com/route/121543560/right-popsicle-twin
15:27:58 [INFO] N-Images: 1
15:27:58 [INFO] [ROUTE #12] Visited https://www.mountainproject.com/route/124845591/rude-roof-closed-project
15:27:58 [INFO] N-Images: 0
15:27:58 [INFO] [ROUTE #13] Visited https://www.mountainproject.com/route/115337702/the-snapper
15:27:58 [INFO] N-Images: 2
15:27:59 [INFO] [ROUTE #14] Visited https://www.mountainproject.com/route/121543533/zack-attack
15:27:59 [INFO] N-Images: 0
15:27:59 [INFO] [ROUTE #15] Visited https://www.mountainproject.com/route/122686631/we-were-promised-jetpacks
15:27:59 [INFO] N-Images: 1
15:27:59 [INFO] [ROUTE #16] Visited https://www.mountainproject.com/route/122239991/vuvuzela
15:27:59 [INFO] N-Images: 1
15:27:59 [INFO] [ROUTE #17] Visited https://www.mountainproject.com/route/122686700/cathys-challenge
15:27:59 [INFO] N-Images: 1
15:27:59 [INFO] [ROUTE #18] Visited https://www.mountainproject.com/route/114955448/journey-to-ixtlan
15:27:59 [INFO] N-Images: 0
15:28:00 [INFO] [ROUTE #19] Visited https://www.mountainproject.com/route/121506507/blondie
15:28:00 [INFO] N-Images: 2
15:28:00 [INFO] [ROUTE #20] Visited https://www.mountainproject.com/route/122240040/forgotten-rebels
15:28:00 [INFO] N-Images: 1
15:28:00 [INFO] [ROUTE #21] Visited https://www.mountainproject.com/route/121506484/swiss-cheese
15:28:00 [INFO] N-Images: 2
15:28:00 [INFO] [ROUTE #22] Visited https://www.mountainproject.com/route/122240066/mad-dog
15:28:00 [INFO] N-Images: 1
15:28:00 [INFO] [AREA #3] Visited https://www.mountainproject.com/area/123226886/the-quiet-section
15:28:01 [INFO] [ROUTE #23] Visited https://www.mountainproject.com/route/123226954/thesaureor
15:28:01 [INFO] N-Images: 0
15:28:02 [INFO] [ROUTE #24] Visited https://www.mountainproject.com/route/123226904/bookends
15:28:02 [INFO] N-Images: 1
15:28:02 [INFO] [AREA #4] Visited https://www.mountainproject.com/area/123201822/big-game-ledge
15:28:03 [INFO] [ROUTE #25] Visited https://www.mountainproject.com/route/122526637/taco
15:28:03 [INFO] N-Images: 0
15:28:03 [INFO] [ROUTE #26] Visited https://www.mountainproject.com/route/124043912/nacho
15:28:03 [INFO] N-Images: 0
15:28:03 [INFO] [ROUTE #27] Visited https://www.mountainproject.com/route/127134716/missing-toe
15:28:03 [INFO] N-Images: 1
15:28:03 [INFO] [ROUTE #28] Visited https://www.mountainproject.com/route/124043871/tortilla
15:28:03 [INFO] N-Images: 0
15:28:03 [INFO] [ROUTE #29] Visited https://www.mountainproject.com/route/123201855/big-game-tag
15:28:03 [INFO] N-Images: 0
15:28:03 [INFO] [ROUTE #30] Visited https://www.mountainproject.com/route/124043891/burrito
15:28:03 [INFO] N-Images: 0
15:28:03 [INFO] [ROUTE #31] Visited https://www.mountainproject.com/route/124478857/sundog
15:28:03 [INFO] N-Images: 0
15:28:03 [INFO] [ROUTE #32] Visited https://www.mountainproject.com/route/122526626/nova
15:28:03 [INFO] N-Images: 0
15:28:03 [INFO] [AREA #5] Visited https://www.mountainproject.com/area/108153367/gooseberry
15:28:04 [INFO] [ROUTE #33] Visited https://www.mountainproject.com/route/114486884/sharptooth
15:28:04 [INFO] N-Images: 0
15:28:04 [INFO] [ROUTE #34] Visited https://www.mountainproject.com/route/113194676/easy-does-it
15:28:04 [INFO] N-Images: 0
15:28:04 [INFO] [ROUTE #35] Visited https://www.mountainproject.com/route/114486878/the-black-wall
15:28:04 [INFO] N-Images: 1
15:28:04 [INFO] [ROUTE #36] Visited https://www.mountainproject.com/route/113194687/no-sweat
15:28:04 [INFO] N-Images: 0
15:28:04 [INFO] [ROUTE #37] Visited https://www.mountainproject.com/route/108161792/half-of-64
15:28:04 [INFO] N-Images: 0
15:28:05 [INFO] [ROUTE #38] Visited https://www.mountainproject.com/route/108161787/easy-steps
15:28:05 [INFO] N-Images: 2
15:28:05 [INFO] [ROUTE #39] Visited https://www.mountainproject.com/route/113387960/fixing-the-bridge
15:28:05 [INFO] N-Images: 0
15:28:05 [INFO] [ROUTE #40] Visited https://www.mountainproject.com/route/114486872/good-to-the-last-drop
15:28:05 [INFO] N-Images: 0
15:28:05 [INFO] [ROUTE #41] Visited https://www.mountainproject.com/route/122450558/rimes-with-orange
15:28:05 [INFO] N-Images: 0
15:28:05 [INFO] [ROUTE #42] Visited https://www.mountainproject.com/route/108153370/too-fast-in-fog
15:28:05 [INFO] N-Images: 1
15:28:05 [INFO] [AREA #6] Visited https://www.mountainproject.com/area/108153385/the-big-section
15:28:06 [INFO] [ROUTE #43] Visited https://www.mountainproject.com/route/108153388/now-what
15:28:06 [INFO] N-Images: 1
15:28:06 [INFO] [ROUTE #44] Visited https://www.mountainproject.com/route/108161813/friday-fliers
15:28:06 [INFO] N-Images: 1
15:28:06 [INFO] [ROUTE #45] Visited https://www.mountainproject.com/route/108286047/circling-the-areola
15:28:06 [INFO] N-Images: 0
15:28:06 [INFO] [ROUTE #46] Visited https://www.mountainproject.com/route/108296429/mikes-peel
15:28:06 [INFO] N-Images: 0
15:28:06 [INFO] [ROUTE #47] Visited https://www.mountainproject.com/route/108161799/hollow-winds
15:28:06 [INFO] N-Images: 0
15:28:06 [INFO] [ROUTE #48] Visited https://www.mountainproject.com/route/108286061/nips
15:28:06 [INFO] N-Images: 0
15:28:06 [INFO] [ROUTE #49] Visited https://www.mountainproject.com/route/108153403/tits-up
15:28:06 [INFO] N-Images: 1
15:28:06 [INFO] [AREA #7] Visited https://www.mountainproject.com/area/126751597/the-dead-zone
15:28:07 [INFO] [ROUTE #50] Visited https://www.mountainproject.com/route/126751848/dufte
15:28:07 [INFO] N-Images: 0
15:28:07 [INFO] [ROUTE #51] Visited https://www.mountainproject.com/route/126751607/duff
15:28:07 [INFO] N-Images: 1
15:28:07 [INFO] [AREA #8] Visited https://www.mountainproject.com/area/108153463/helmuts-wall
15:28:08 [INFO] [ROUTE #52] Visited https://www.mountainproject.com/route/201563509/hand-that-cradles-the-rock
15:28:08 [INFO] N-Images: 0
15:28:08 [INFO] [ROUTE #53] Visited https://www.mountainproject.com/route/200861065/adrenaline-junkie
15:28:08 [INFO] N-Images: 0
15:28:08 [INFO] [ROUTE #54] Visited https://www.mountainproject.com/route/113639967/dicks-direct
15:28:08 [INFO] N-Images: 0
15:28:08 [INFO] [ROUTE #55] Visited https://www.mountainproject.com/route/108153466/helmuts-route
15:28:08 [INFO] N-Images: 0
15:28:08 [INFO] [AREA #9] Visited https://www.mountainproject.com/area/113151167/central-wall
15:28:10 [INFO] [ROUTE #56] Visited https://www.mountainproject.com/route/113151190/are-you-a-fireman-so-why-the-big-hose
15:28:10 [INFO] N-Images: 2
15:28:10 [INFO] [ROUTE #57] Visited https://www.mountainproject.com/route/114487820/weak-and-fat-will-work-for-asparagus
15:28:10 [INFO] N-Images: 2
15:28:10 [INFO] [ROUTE #58] Visited https://www.mountainproject.com/route/114487748/scarface
15:28:10 [INFO] N-Images: 2
15:28:10 [INFO] [ROUTE #59] Visited https://www.mountainproject.com/route/113151230/farewell-infidel
15:28:10 [INFO] N-Images: 0
15:28:10 [INFO] [ROUTE #60] Visited https://www.mountainproject.com/route/114487664/mean-streaks
15:28:10 [INFO] N-Images: 2
15:28:10 [INFO] [ROUTE #61] Visited https://www.mountainproject.com/route/113151173/ten-pound-lunker-bass
15:28:10 [INFO] N-Images: 0
15:28:10 [INFO] [ROUTE #62] Visited https://www.mountainproject.com/route/115138589/polly-direct
15:28:10 [INFO] N-Images: 1
15:28:10 [INFO] [ROUTE #63] Visited https://www.mountainproject.com/route/114487770/nicorette
15:28:10 [INFO] N-Images: 2
15:28:10 [INFO] [ROUTE #64] Visited https://www.mountainproject.com/route/113194718/polly-vicini
15:28:10 [INFO] N-Images: 1
15:28:10 [INFO] [ROUTE #65] Visited https://www.mountainproject.com/route/113194734/the-roof
15:28:10 [INFO] N-Images: 1
15:28:10 [INFO] [ROUTE #66] Visited https://www.mountainproject.com/route/114487828/enchiridion
15:28:10 [INFO] N-Images: 1
15:28:10 [INFO] [ROUTE #67] Visited https://www.mountainproject.com/route/113194706/cinderella
15:28:10 [INFO] N-Images: 1
15:28:10 [INFO] [AREA #10] Visited https://www.mountainproject.com/area/108153479/alfreds-wall
15:28:12 [INFO] [ROUTE #68] Visited https://www.mountainproject.com/route/113182687/anticlimax
15:28:12 [INFO] N-Images: 0
15:28:12 [INFO] [ROUTE #69] Visited https://www.mountainproject.com/route/113182712/live-bait
15:28:12 [INFO] N-Images: 2
15:28:12 [INFO] [ROUTE #70] Visited https://www.mountainproject.com/route/113182702/wide-load
15:28:12 [INFO] N-Images: 3
15:28:12 [INFO] [ROUTE #71] Visited https://www.mountainproject.com/route/108153503/crazy-legs-ale
15:28:12 [INFO] N-Images: 0
15:28:12 [INFO] [ROUTE #72] Visited https://www.mountainproject.com/route/113461332/as-you-like-it
15:28:12 [INFO] N-Images: 3
15:28:12 [INFO] [ROUTE #73] Visited https://www.mountainproject.com/route/115372665/lost-in-the-forest
15:28:12 [INFO] N-Images: 1
15:28:12 [INFO] [ROUTE #74] Visited https://www.mountainproject.com/route/114487869/wishbone
15:28:12 [INFO] N-Images: 1
15:28:12 [INFO] [ROUTE #75] Visited https://www.mountainproject.com/route/108296452/vanna-pick-me-a-number
15:28:12 [INFO] N-Images: 0
15:28:12 [INFO] [ROUTE #76] Visited https://www.mountainproject.com/route/122448263/leah
15:28:12 [INFO] N-Images: 0
15:28:12 [INFO] [ROUTE #77] Visited https://www.mountainproject.com/route/114487910/running-towards-nothing
15:28:12 [INFO] N-Images: 1
15:28:12 [INFO] [ROUTE #78] Visited https://www.mountainproject.com/route/114487854/stand-and-deliver
15:28:12 [INFO] N-Images: 0
15:28:12 [INFO] [ROUTE #79] Visited https://www.mountainproject.com/route/108153491/erics-first
15:28:12 [INFO] N-Images: 0
15:28:12 [INFO] [ROUTE #80] Visited https://www.mountainproject.com/route/115372790/the-seventh-origin-of-alfred
15:28:12 [INFO] N-Images: 3
15:28:12 [INFO] [AREA #11] Visited https://www.mountainproject.com/area/108286023/iguana-wall
15:28:15 [INFO] [ROUTE #81] Visited https://www.mountainproject.com/route/126377330/big-o-tree
15:28:15 [INFO] N-Images: 0
15:28:15 [INFO] [ROUTE #82] Visited https://www.mountainproject.com/route/113562344/the-odyssey
15:28:15 [INFO] N-Images: 2
15:28:15 [INFO] [ROUTE #83] Visited https://www.mountainproject.com/route/126377267/revival
15:28:15 [INFO] N-Images: 0
15:28:15 [INFO] [ROUTE #84] Visited https://www.mountainproject.com/route/108286033/third-time-lucky
15:28:15 [INFO] N-Images: 1
15:28:15 [INFO] [ROUTE #85] Visited https://www.mountainproject.com/route/114487947/fear-and-loathing
15:28:15 [INFO] N-Images: 1
15:28:15 [INFO] [ROUTE #86] Visited https://www.mountainproject.com/route/122449862/big-bolts-for-daddy
15:28:15 [INFO] N-Images: 1
15:28:15 [INFO] [ROUTE #87] Visited https://www.mountainproject.com/route/113664885/nostalgia
15:28:15 [INFO] N-Images: 1
15:28:15 [INFO] [ROUTE #88] Visited https://www.mountainproject.com/route/125184346/iguana-corner
15:28:15 [INFO] N-Images: 0
15:28:15 [INFO] [ROUTE #89] Visited https://www.mountainproject.com/route/114488017/catch-as-catch-can
15:28:15 [INFO] N-Images: 0
15:28:15 [INFO] [ROUTE #90] Visited https://www.mountainproject.com/route/113553057/the-hunchback
15:28:15 [INFO] N-Images: 1
15:28:15 [INFO] [ROUTE #91] Visited https://www.mountainproject.com/route/123182971/earthmen
15:28:15 [INFO] N-Images: 1
15:28:15 [INFO] [ROUTE #92] Visited https://www.mountainproject.com/route/114487954/train-in-vain
15:28:15 [INFO] N-Images: 1
15:28:15 [INFO] [ROUTE #93] Visited https://www.mountainproject.com/route/113194752/i-owe-a-lot-of-money-to-a-man-name-guido
15:28:15 [INFO] N-Images: 4
15:28:15 [INFO] [ROUTE #94] Visited https://www.mountainproject.com/route/121604013/ten-d-nitus
15:28:15 [INFO] N-Images: 2
15:28:15 [INFO] [ROUTE #95] Visited https://www.mountainproject.com/route/114487971/forever-young
15:28:15 [INFO] N-Images: 1
15:28:15 [INFO] [ROUTE #96] Visited https://www.mountainproject.com/route/113194766/is-she-pretty
15:28:15 [INFO] N-Images: 2
15:28:15 [INFO] [ROUTE #97] Visited https://www.mountainproject.com/route/114487997/tall-order
15:28:15 [INFO] N-Images: 0
15:28:16 [INFO] [ROUTE #98] Visited https://www.mountainproject.com/route/122449871/upper-canada-rebellion
15:28:16 [INFO] N-Images: 2
15:28:16 [INFO] [AREA #12] Visited https://www.mountainproject.com/area/108285999/white-trash
15:28:17 [INFO] [ROUTE #99] Visited https://www.mountainproject.com/route/127149945/eclipse
15:28:17 [INFO] N-Images: 0
15:28:17 [INFO] [ROUTE #100] Visited https://www.mountainproject.com/route/127150080/enchilada
15:28:17 [INFO] N-Images: 0
15:28:17 [INFO] [ROUTE #101] Visited https://www.mountainproject.com/route/116993065/sundog
15:28:17 [INFO] N-Images: 2
15:28:17 [INFO] [ROUTE #102] Visited https://www.mountainproject.com/route/127150014/weekend-warrior
15:28:17 [INFO] N-Images: 0
15:28:17 [INFO] [ROUTE #103] Visited https://www.mountainproject.com/route/127150058/kung-fu-queue
15:28:17 [INFO] N-Images: 0
15:28:17 [INFO] [ROUTE #104] Visited https://www.mountainproject.com/route/127150090/burrito
15:28:17 [INFO] N-Images: 0
15:28:17 [INFO] [ROUTE #105] Visited https://www.mountainproject.com/route/127149959/lost-and-found
15:28:17 [INFO] N-Images: 0
15:28:17 [INFO] [ROUTE #106] Visited https://www.mountainproject.com/route/127150031/big-game-tag
15:28:17 [INFO] N-Images: 0
15:28:17 [INFO] [ROUTE #107] Visited https://www.mountainproject.com/route/108286007/plastic-warriors-need-not-apply
15:28:17 [INFO] N-Images: 0
15:28:17 [INFO] [ROUTE #108] Visited https://www.mountainproject.com/route/125184286/the-punk-and-the-godfather
15:28:17 [INFO] N-Images: 0
15:28:18 [INFO] [ROUTE #109] Visited https://www.mountainproject.com/route/127150044/nacho
15:28:18 [INFO] N-Images: 0
15:28:18 [INFO] [AREA #13] Visited https://www.mountainproject.com/area/115125388/the-castle
15:28:19 [INFO] [ROUTE #110] Visited https://www.mountainproject.com/route/127150142/where-eagles-dare
15:28:19 [INFO] N-Images: 0
15:28:19 [INFO] [ROUTE #111] Visited https://www.mountainproject.com/route/117029149/come-and-get-it
15:28:19 [INFO] N-Images: 1
15:28:19 [INFO] [ROUTE #112] Visited https://www.mountainproject.com/route/127150176/the-castle
15:28:19 [INFO] N-Images: 0
15:28:19 [INFO] [ROUTE #113] Visited https://www.mountainproject.com/route/127150117/make-my-day
15:28:19 [INFO] N-Images: 0
15:28:19 [INFO] [ROUTE #114] Visited https://www.mountainproject.com/route/201087486/elegy-for-gut
15:28:19 [INFO] N-Images: 0
15:28:19 [INFO] [ROUTE #115] Visited https://www.mountainproject.com/route/122526609/weekend-warrior
15:28:19 [INFO] N-Images: 0
15:28:19 [INFO] [ROUTE #116] Visited https://www.mountainproject.com/route/115125465/hybrid
15:28:19 [INFO] N-Images: 1
15:28:19 [INFO] [ROUTE #117] Visited https://www.mountainproject.com/route/113408246/hiromis-route
15:28:19 [INFO] N-Images: 3
15:28:19 [INFO] [ROUTE #118] Visited https://www.mountainproject.com/route/126918299/oh-ya-it-fits
15:28:19 [INFO] N-Images: 0
15:28:19 [INFO] [ROUTE #119] Visited https://www.mountainproject.com/route/125140298/death-block-roulette
15:28:19 [INFO] N-Images: 0
15:28:19 [INFO] [AREA #14] Visited https://www.mountainproject.com/area/108296639/dance-wall
15:28:21 [INFO] [ROUTE #120] Visited https://www.mountainproject.com/route/113586221/cha-cha
15:28:21 [INFO] N-Images: 1
15:28:21 [INFO] [ROUTE #121] Visited https://www.mountainproject.com/route/114488118/upwardly-mobile
15:28:21 [INFO] N-Images: 0
15:28:21 [INFO] [ROUTE #122] Visited https://www.mountainproject.com/route/113387991/foxtrot
15:28:21 [INFO] N-Images: 3
15:28:21 [INFO] [ROUTE #123] Visited https://www.mountainproject.com/route/117393156/tango
15:28:21 [INFO] N-Images: 0
15:28:21 [INFO] [ROUTE #124] Visited https://www.mountainproject.com/route/113408214/bolero
15:28:21 [INFO] N-Images: 3
15:28:21 [INFO] [ROUTE #125] Visited https://www.mountainproject.com/route/113387984/sian
15:28:21 [INFO] N-Images: 0
15:28:21 [INFO] [ROUTE #126] Visited https://www.mountainproject.com/route/114488207/two-to-tango
15:28:21 [INFO] N-Images: 0
15:28:21 [INFO] [ROUTE #127] Visited https://www.mountainproject.com/route/117393169/mambo
15:28:21 [INFO] N-Images: 0
15:28:21 [INFO] [ROUTE #128] Visited https://www.mountainproject.com/route/113388011/polka
15:28:21 [INFO] N-Images: 1
15:28:21 [INFO] [ROUTE #129] Visited https://www.mountainproject.com/route/126871587/stupid-tree
15:28:21 [INFO] N-Images: 0
15:28:21 [INFO] [ROUTE #130] Visited https://www.mountainproject.com/route/114488191/climb-story
15:28:21 [INFO] N-Images: 1
15:28:21 [INFO] [ROUTE #131] Visited https://www.mountainproject.com/route/113388004/the-charleston
15:28:21 [INFO] N-Images: 1
15:28:21 [INFO] [ROUTE #132] Visited https://www.mountainproject.com/route/117000097/rumba
15:28:21 [INFO] N-Images: 1
15:28:21 [INFO] [ROUTE #133] Visited https://www.mountainproject.com/route/125263342/spring-thaw
15:28:22 [INFO] N-Images: 0
15:28:22 [INFO] [ROUTE #134] Visited https://www.mountainproject.com/route/108296646/grunge
15:28:22 [INFO] N-Images: 2
15:28:22 [INFO] [ROUTE #135] Visited https://www.mountainproject.com/route/114488222/twist
15:28:22 [INFO] N-Images: 1
15:28:22 [INFO] [ROUTE #136] Visited https://www.mountainproject.com/route/124478885/lest-we-forget
15:28:22 [INFO] N-Images: 0
15:28:22 [INFO] [ROUTE #137] Visited https://www.mountainproject.com/route/113388014/zoomba
15:28:22 [INFO] N-Images: 2
15:28:22 [INFO] [ROUTE #138] Visited https://www.mountainproject.com/route/126918360/winter-carnival
15:28:22 [INFO] N-Images: 0
15:28:22 [INFO] [AREA #15] Visited https://www.mountainproject.com/area/108285945/ivory-tower
15:28:23 [INFO] [ROUTE #139] Visited https://www.mountainproject.com/route/108285950/the-510
15:28:23 [INFO] N-Images: 0
15:28:23 [INFO] [ROUTE #140] Visited https://www.mountainproject.com/route/114488283/the-long-wait
15:28:23 [INFO] N-Images: 1
15:28:23 [INFO] [ROUTE #141] Visited https://www.mountainproject.com/route/124552250/bam-pow-zowie
15:28:23 [INFO] N-Images: 0
15:28:23 [INFO] [ROUTE #142] Visited https://www.mountainproject.com/route/114488253/crazy-doctor
15:28:23 [INFO] N-Images: 0
15:28:23 [INFO] [ROUTE #143] Visited https://www.mountainproject.com/route/114488264/zona-rosa
15:28:23 [INFO] N-Images: 0
15:28:23 [INFO] [AREA #16] Visited https://www.mountainproject.com/area/108285912/new-wall
15:28:25 [INFO] [ROUTE #144] Visited https://www.mountainproject.com/route/114488310/irreplaceable
15:28:25 [INFO] N-Images: 0
15:28:25 [INFO] [ROUTE #145] Visited https://www.mountainproject.com/route/116834232/unity
15:28:25 [INFO] N-Images: 0
15:28:25 [INFO] [ROUTE #146] Visited https://www.mountainproject.com/route/108285915/goose
15:28:25 [INFO] N-Images: 0
15:28:25 [INFO] [AREA #17] Visited https://www.mountainproject.com/area/114977107/ground-zero-area
15:28:26 [INFO] [ROUTE #147] Visited https://www.mountainproject.com/route/116834560/access
15:28:26 [INFO] N-Images: 0
15:28:26 [INFO] [ROUTE #148] Visited https://www.mountainproject.com/route/114978719/ground-zero
15:28:26 [INFO] N-Images: 1
15:28:26 [INFO] [ROUTE #149] Visited https://www.mountainproject.com/route/116834533/double-feature
15:28:26 [INFO] N-Images: 0
15:28:26 [INFO] [ROUTE #150] Visited https://www.mountainproject.com/route/116834469/mephisto
15:28:26 [INFO] N-Images: 0
15:28:26 [INFO] [ROUTE #151] Visited https://www.mountainproject.com/route/116834409/aftershock
15:28:26 [INFO] N-Images: 0
15:28:26 [INFO] [AREA #18] Visited https://www.mountainproject.com/area/108221370/the-cats-tail
15:28:28 [INFO] [ROUTE #152] Visited https://www.mountainproject.com/route/114551046/route-77
15:28:28 [INFO] N-Images: 2
15:28:28 [INFO] [ROUTE #153] Visited https://www.mountainproject.com/route/108285890/stuck-in-the-middle
15:28:28 [INFO] N-Images: 1
15:28:28 [INFO] [ROUTE #154] Visited https://www.mountainproject.com/route/123055555/the-cats-whisker
15:28:28 [INFO] N-Images: 0
15:28:28 [INFO] [ROUTE #155] Visited https://www.mountainproject.com/route/113799211/the-graduate
15:28:28 [INFO] N-Images: 6
15:28:28 [INFO] [ROUTE #156] Visited https://www.mountainproject.com/route/124731650/rays-ceiling
15:28:28 [INFO] N-Images: 1
15:28:28 [INFO] [ROUTE #157] Visited https://www.mountainproject.com/route/114551040/o-the-cats-tail-1040
15:28:28 [INFO] N-Images: 1
15:28:28 [INFO] [ROUTE #158] Visited https://www.mountainproject.com/route/113522192/swan-song
15:28:28 [INFO] N-Images: 8
15:28:28 [INFO] [ROUTE #159] Visited https://www.mountainproject.com/route/108285900/second-agreement
15:28:28 [INFO] N-Images: 0
15:28:28 [INFO] [ROUTE #160] Visited https://www.mountainproject.com/route/124731685/knees-and-elbows
15:28:28 [INFO] N-Images: 2
15:28:28 [INFO] [ROUTE #161] Visited https://www.mountainproject.com/route/117881021/route-66
15:28:28 [INFO] N-Images: 2
15:28:28 [INFO] [ROUTE #162] Visited https://www.mountainproject.com/route/115320038/dogleg
15:28:28 [INFO] N-Images: 1
15:28:28 [INFO] [ROUTE #163] Visited https://www.mountainproject.com/route/108221375/the-cats-tail
15:28:28 [INFO] N-Images: 8
15:28:28 [WARNING] [Attempt 1] Failed to fetch https://www.mountainproject.com/route/108221381/the-big-f: 500, message='Internal Server Error', url='https://www.mountainproject.com/route/108221381/the-big-f'
15:28:31 [WARNING] [Attempt 2] Failed to fetch https://www.mountainproject.com/route/108221381/the-big-f: 500, message='Internal Server Error', url='https://www.mountainproject.com/route/108221381/the-big-f'
15:28:34 [WARNING] [Attempt 3] Failed to fetch https://www.mountainproject.com/route/108221381/the-big-f: 500, message='Internal Server Error', url='https://www.mountainproject.com/route/108221381/the-big-f'
15:28:36 [ERROR] Failed to fetch https://www.mountainproject.com/route/108221381/the-big-f after 3 attempts
15:30:25 [INFO] [AREA #1] Visited https://www.mountainproject.com/area/106358863/mount-nemo
15:30:28 [INFO] [AREA #2] Visited https://www.mountainproject.com/area/114955396/the-turtle
15:30:29 [INFO] [ROUTE #0] Visited https://www.mountainproject.com/route/124845554/20-feet-to-france
15:30:29 [INFO] N-Images: 0
15:30:29 [INFO] [ROUTE #1] Visited https://www.mountainproject.com/route/122239991/vuvuzela
15:30:29 [INFO] N-Images: 1
15:30:29 [INFO] [ROUTE #2] Visited https://www.mountainproject.com/route/115337676/jens-corner
15:30:29 [INFO] N-Images: 2
15:30:29 [INFO] [ROUTE #3] Visited https://www.mountainproject.com/route/124845516/the-deuce
15:30:29 [INFO] N-Images: 0
15:30:29 [INFO] [ROUTE #4] Visited https://www.mountainproject.com/route/114955421/the-swan-king
15:30:29 [INFO] N-Images: 0
15:30:29 [INFO] [ROUTE #5] Visited https://www.mountainproject.com/route/123228277/left-popsicle-twin
15:30:29 [INFO] N-Images: 1
15:30:29 [INFO] [ROUTE #6] Visited https://www.mountainproject.com/route/122686631/we-were-promised-jetpacks
15:30:29 [INFO] N-Images: 1
15:30:29 [INFO] [ROUTE #7] Visited https://www.mountainproject.com/route/114955411/boneshaker
15:30:29 [INFO] N-Images: 1
15:30:29 [INFO] [ROUTE #8] Visited https://www.mountainproject.com/route/121506507/blondie
15:30:29 [INFO] N-Images: 2
15:30:29 [INFO] [ROUTE #9] Visited https://www.mountainproject.com/route/121543533/zack-attack
15:30:29 [INFO] N-Images: 0
15:30:29 [INFO] [ROUTE #10] Visited https://www.mountainproject.com/route/121506484/swiss-cheese
15:30:29 [INFO] N-Images: 2
15:30:29 [INFO] [ROUTE #11] Visited https://www.mountainproject.com/route/124845502/nancy
15:30:29 [INFO] N-Images: 0
15:30:30 [INFO] [ROUTE #12] Visited https://www.mountainproject.com/route/124845591/rude-roof-closed-project
15:30:30 [INFO] N-Images: 0
15:30:30 [INFO] [ROUTE #13] Visited https://www.mountainproject.com/route/115337721/sid
15:30:30 [INFO] N-Images: 1
15:30:30 [INFO] [ROUTE #14] Visited https://www.mountainproject.com/route/122240040/forgotten-rebels
15:30:30 [INFO] N-Images: 1
15:30:30 [INFO] [ROUTE #15] Visited https://www.mountainproject.com/route/114955452/zen-and-the-art-of-archery
15:30:30 [INFO] N-Images: 1
15:30:30 [INFO] [ROUTE #16] Visited https://www.mountainproject.com/route/122629767/target-guam
15:30:30 [INFO] N-Images: 1
15:30:30 [INFO] [ROUTE #17] Visited https://www.mountainproject.com/route/114955439/sick-runouts
15:30:30 [INFO] N-Images: 6
15:30:30 [INFO] [ROUTE #18] Visited https://www.mountainproject.com/route/114955448/journey-to-ixtlan
15:30:30 [INFO] N-Images: 0
15:30:30 [INFO] [ROUTE #19] Visited https://www.mountainproject.com/route/122240066/mad-dog
15:30:30 [INFO] N-Images: 1
15:30:30 [INFO] [ROUTE #20] Visited https://www.mountainproject.com/route/122686700/cathys-challenge
15:30:30 [INFO] N-Images: 1
15:30:30 [INFO] [ROUTE #21] Visited https://www.mountainproject.com/route/115337702/the-snapper
15:30:30 [INFO] N-Images: 2
15:30:30 [INFO] [ROUTE #22] Visited https://www.mountainproject.com/route/121543560/right-popsicle-twin
15:30:30 [INFO] N-Images: 1
15:30:30 [INFO] [AREA #3] Visited https://www.mountainproject.com/area/123226886/the-quiet-section
15:30:31 [INFO] [ROUTE #23] Visited https://www.mountainproject.com/route/123226904/bookends
15:30:31 [INFO] N-Images: 1
15:30:31 [INFO] [ROUTE #24] Visited https://www.mountainproject.com/route/123226954/thesaureor
15:30:31 [INFO] N-Images: 0
15:30:31 [INFO] [AREA #4] Visited https://www.mountainproject.com/area/123201822/big-game-ledge
15:30:31 [INFO] [ROUTE #25] Visited https://www.mountainproject.com/route/127134716/missing-toe
15:30:31 [INFO] N-Images: 1
15:30:31 [INFO] [ROUTE #26] Visited https://www.mountainproject.com/route/122526637/taco
15:30:31 [INFO] N-Images: 0
15:30:31 [INFO] [ROUTE #27] Visited https://www.mountainproject.com/route/124043891/burrito
15:30:31 [INFO] N-Images: 0
15:30:31 [INFO] [ROUTE #28] Visited https://www.mountainproject.com/route/122526626/nova
15:30:31 [INFO] N-Images: 0
15:30:31 [INFO] [ROUTE #29] Visited https://www.mountainproject.com/route/123201855/big-game-tag
15:30:31 [INFO] N-Images: 0
15:30:32 [INFO] [ROUTE #30] Visited https://www.mountainproject.com/route/124478857/sundog
15:30:32 [INFO] N-Images: 0
15:30:32 [INFO] [ROUTE #31] Visited https://www.mountainproject.com/route/124043871/tortilla
15:30:32 [INFO] N-Images: 0
15:30:32 [INFO] [ROUTE #32] Visited https://www.mountainproject.com/route/124043912/nacho
15:30:32 [INFO] N-Images: 0
15:30:32 [INFO] [AREA #5] Visited https://www.mountainproject.com/area/108153367/gooseberry
15:30:32 [INFO] [ROUTE #33] Visited https://www.mountainproject.com/route/113194676/easy-does-it
15:30:32 [INFO] N-Images: 0
15:30:32 [INFO] [ROUTE #34] Visited https://www.mountainproject.com/route/114486872/good-to-the-last-drop
15:30:32 [INFO] N-Images: 0
15:30:32 [INFO] [ROUTE #35] Visited https://www.mountainproject.com/route/122450558/rimes-with-orange
15:30:32 [INFO] N-Images: 0
15:30:32 [INFO] [ROUTE #36] Visited https://www.mountainproject.com/route/114486878/the-black-wall
15:30:32 [INFO] N-Images: 1
15:30:32 [INFO] [ROUTE #37] Visited https://www.mountainproject.com/route/113387960/fixing-the-bridge
15:30:32 [INFO] N-Images: 0
15:30:32 [INFO] [ROUTE #38] Visited https://www.mountainproject.com/route/113194687/no-sweat
15:30:32 [INFO] N-Images: 0
15:30:33 [INFO] [ROUTE #39] Visited https://www.mountainproject.com/route/108161792/half-of-64
15:30:33 [INFO] N-Images: 0
15:30:33 [INFO] [ROUTE #40] Visited https://www.mountainproject.com/route/108153370/too-fast-in-fog
15:30:33 [INFO] N-Images: 1
15:30:33 [INFO] [ROUTE #41] Visited https://www.mountainproject.com/route/114486884/sharptooth
15:30:33 [INFO] N-Images: 0
15:30:33 [INFO] [ROUTE #42] Visited https://www.mountainproject.com/route/108161787/easy-steps
15:30:33 [INFO] N-Images: 2
15:30:33 [INFO] [AREA #6] Visited https://www.mountainproject.com/area/108153385/the-big-section
15:30:33 [INFO] [ROUTE #43] Visited https://www.mountainproject.com/route/108153388/now-what
15:30:33 [INFO] N-Images: 1
15:30:33 [INFO] [ROUTE #44] Visited https://www.mountainproject.com/route/108161813/friday-fliers
15:30:34 [INFO] N-Images: 1
15:30:34 [INFO] [ROUTE #45] Visited https://www.mountainproject.com/route/108296429/mikes-peel
15:30:34 [INFO] N-Images: 0
15:30:34 [INFO] [ROUTE #46] Visited https://www.mountainproject.com/route/108286061/nips
15:30:34 [INFO] N-Images: 0
15:30:34 [INFO] [ROUTE #47] Visited https://www.mountainproject.com/route/108153403/tits-up
15:30:34 [INFO] N-Images: 1
15:30:34 [INFO] [ROUTE #48] Visited https://www.mountainproject.com/route/108286047/circling-the-areola
15:30:34 [INFO] N-Images: 0
15:30:34 [INFO] [ROUTE #49] Visited https://www.mountainproject.com/route/108161799/hollow-winds
15:30:34 [INFO] N-Images: 0
15:30:34 [INFO] [AREA #7] Visited https://www.mountainproject.com/area/126751597/the-dead-zone
15:30:34 [INFO] [ROUTE #50] Visited https://www.mountainproject.com/route/126751848/dufte
15:30:34 [INFO] N-Images: 0
15:30:34 [INFO] [ROUTE #51] Visited https://www.mountainproject.com/route/126751607/duff
15:30:34 [INFO] N-Images: 1
15:30:34 [INFO] [AREA #8] Visited https://www.mountainproject.com/area/108153463/helmuts-wall
15:30:35 [INFO] [ROUTE #52] Visited https://www.mountainproject.com/route/200861065/adrenaline-junkie
15:30:35 [INFO] N-Images: 0
15:30:35 [INFO] [ROUTE #53] Visited https://www.mountainproject.com/route/108153466/helmuts-route
15:30:35 [INFO] N-Images: 0
15:30:35 [INFO] [ROUTE #54] Visited https://www.mountainproject.com/route/113639967/dicks-direct
15:30:35 [INFO] N-Images: 0
15:30:35 [INFO] [ROUTE #55] Visited https://www.mountainproject.com/route/201563509/hand-that-cradles-the-rock
15:30:35 [INFO] N-Images: 0
15:30:35 [INFO] [AREA #9] Visited https://www.mountainproject.com/area/113151167/central-wall
15:30:36 [INFO] [ROUTE #56] Visited https://www.mountainproject.com/route/114487828/enchiridion
15:30:36 [INFO] N-Images: 1
15:30:36 [INFO] [ROUTE #57] Visited https://www.mountainproject.com/route/113151190/are-you-a-fireman-so-why-the-big-hose
15:30:36 [INFO] N-Images: 2
15:30:36 [INFO] [ROUTE #58] Visited https://www.mountainproject.com/route/113151173/ten-pound-lunker-bass
15:30:36 [INFO] N-Images: 0
15:30:36 [INFO] [ROUTE #59] Visited https://www.mountainproject.com/route/114487770/nicorette
15:30:36 [INFO] N-Images: 2
15:30:36 [INFO] [ROUTE #60] Visited https://www.mountainproject.com/route/113194706/cinderella
15:30:36 [INFO] N-Images: 1
15:30:36 [INFO] [ROUTE #61] Visited https://www.mountainproject.com/route/113194718/polly-vicini
15:30:36 [INFO] N-Images: 1
15:30:36 [INFO] [ROUTE #62] Visited https://www.mountainproject.com/route/114487748/scarface
15:30:36 [INFO] N-Images: 2
15:30:36 [INFO] [ROUTE #63] Visited https://www.mountainproject.com/route/115138589/polly-direct
15:30:36 [INFO] N-Images: 1
15:30:36 [INFO] [ROUTE #64] Visited https://www.mountainproject.com/route/114487664/mean-streaks
15:30:36 [INFO] N-Images: 2
15:30:36 [INFO] [ROUTE #65] Visited https://www.mountainproject.com/route/113194734/the-roof
15:30:36 [INFO] N-Images: 1
15:30:36 [INFO] [ROUTE #66] Visited https://www.mountainproject.com/route/114487820/weak-and-fat-will-work-for-asparagus
15:30:36 [INFO] N-Images: 2
15:30:36 [INFO] [ROUTE #67] Visited https://www.mountainproject.com/route/113151230/farewell-infidel
15:30:36 [INFO] N-Images: 0
15:30:36 [INFO] [AREA #10] Visited https://www.mountainproject.com/area/108153479/alfreds-wall
15:30:37 [INFO] [ROUTE #68] Visited https://www.mountainproject.com/route/108153503/crazy-legs-ale
15:30:37 [INFO] N-Images: 0
15:30:37 [INFO] [ROUTE #69] Visited https://www.mountainproject.com/route/113182687/anticlimax
15:30:37 [INFO] N-Images: 0
15:30:37 [INFO] [ROUTE #70] Visited https://www.mountainproject.com/route/114487910/running-towards-nothing
15:30:37 [INFO] N-Images: 1
15:30:37 [INFO] [ROUTE #71] Visited https://www.mountainproject.com/route/113461332/as-you-like-it
15:30:37 [INFO] N-Images: 3
15:30:37 [INFO] [ROUTE #72] Visited https://www.mountainproject.com/route/108296452/vanna-pick-me-a-number
15:30:37 [INFO] N-Images: 0
15:30:37 [INFO] [ROUTE #73] Visited https://www.mountainproject.com/route/114487854/stand-and-deliver
15:30:37 [INFO] N-Images: 0
15:30:37 [INFO] [ROUTE #74] Visited https://www.mountainproject.com/route/122448263/leah
15:30:37 [INFO] N-Images: 0
15:30:37 [INFO] [ROUTE #75] Visited https://www.mountainproject.com/route/108153491/erics-first
15:30:37 [INFO] N-Images: 0
15:30:37 [INFO] [ROUTE #76] Visited https://www.mountainproject.com/route/114487869/wishbone
15:30:37 [INFO] N-Images: 1
15:30:37 [INFO] [ROUTE #77] Visited https://www.mountainproject.com/route/113182712/live-bait
15:30:37 [INFO] N-Images: 2
15:30:37 [INFO] [ROUTE #78] Visited https://www.mountainproject.com/route/115372790/the-seventh-origin-of-alfred
15:30:37 [INFO] N-Images: 3
15:30:37 [INFO] [ROUTE #79] Visited https://www.mountainproject.com/route/113182702/wide-load
15:30:37 [INFO] N-Images: 3
15:30:37 [INFO] [ROUTE #80] Visited https://www.mountainproject.com/route/115372665/lost-in-the-forest
15:30:37 [INFO] N-Images: 1
15:30:37 [INFO] [AREA #11] Visited https://www.mountainproject.com/area/108286023/iguana-wall
15:30:38 [INFO] [ROUTE #81] Visited https://www.mountainproject.com/route/121604013/ten-d-nitus
15:30:38 [INFO] N-Images: 2
15:30:38 [INFO] [ROUTE #82] Visited https://www.mountainproject.com/route/114487947/fear-and-loathing
15:30:38 [INFO] N-Images: 1
15:30:38 [INFO] [ROUTE #83] Visited https://www.mountainproject.com/route/113194752/i-owe-a-lot-of-money-to-a-man-name-guido
15:30:38 [INFO] N-Images: 4
15:30:38 [INFO] [ROUTE #84] Visited https://www.mountainproject.com/route/122449871/upper-canada-rebellion
15:30:38 [INFO] N-Images: 2
15:30:38 [INFO] [ROUTE #85] Visited https://www.mountainproject.com/route/126377330/big-o-tree
15:30:38 [INFO] N-Images: 0
15:30:38 [INFO] [ROUTE #86] Visited https://www.mountainproject.com/route/114488017/catch-as-catch-can
15:30:38 [INFO] N-Images: 0
15:30:39 [INFO] [ROUTE #87] Visited https://www.mountainproject.com/route/126377267/revival
15:30:39 [INFO] N-Images: 0
15:30:39 [INFO] [ROUTE #88] Visited https://www.mountainproject.com/route/122449862/big-bolts-for-daddy
15:30:39 [INFO] N-Images: 1
15:30:39 [INFO] [ROUTE #89] Visited https://www.mountainproject.com/route/108286033/third-time-lucky
15:30:39 [INFO] N-Images: 1
15:30:39 [INFO] [ROUTE #90] Visited https://www.mountainproject.com/route/113553057/the-hunchback
15:30:39 [INFO] N-Images: 1
15:30:39 [INFO] [ROUTE #91] Visited https://www.mountainproject.com/route/125184346/iguana-corner
15:30:39 [INFO] N-Images: 0
15:30:39 [INFO] [ROUTE #92] Visited https://www.mountainproject.com/route/123182971/earthmen
15:30:39 [INFO] N-Images: 1
15:30:39 [INFO] [ROUTE #93] Visited https://www.mountainproject.com/route/113194766/is-she-pretty
15:30:39 [INFO] N-Images: 2
15:30:39 [INFO] [ROUTE #94] Visited https://www.mountainproject.com/route/114487997/tall-order
15:30:39 [INFO] N-Images: 0
15:30:39 [INFO] [ROUTE #95] Visited https://www.mountainproject.com/route/114487971/forever-young
15:30:39 [INFO] N-Images: 1
15:30:39 [INFO] [ROUTE #96] Visited https://www.mountainproject.com/route/113664885/nostalgia
15:30:39 [INFO] N-Images: 1
15:30:39 [INFO] [ROUTE #97] Visited https://www.mountainproject.com/route/114487954/train-in-vain
15:30:39 [INFO] N-Images: 1
15:30:39 [INFO] [ROUTE #98] Visited https://www.mountainproject.com/route/113562344/the-odyssey
15:30:39 [INFO] N-Images: 2
15:30:39 [INFO] [AREA #12] Visited https://www.mountainproject.com/area/108285999/white-trash
15:30:40 [INFO] [ROUTE #99] Visited https://www.mountainproject.com/route/127149959/lost-and-found
15:30:40 [INFO] N-Images: 0
15:30:40 [INFO] [ROUTE #100] Visited https://www.mountainproject.com/route/127150031/big-game-tag
15:30:40 [INFO] N-Images: 0
15:30:40 [INFO] [ROUTE #101] Visited https://www.mountainproject.com/route/127149945/eclipse
15:30:40 [INFO] N-Images: 0
15:30:40 [INFO] [ROUTE #102] Visited https://www.mountainproject.com/route/127150044/nacho
15:30:40 [INFO] N-Images: 0
15:30:40 [INFO] [ROUTE #103] Visited https://www.mountainproject.com/route/127150058/kung-fu-queue
15:30:40 [INFO] N-Images: 0
15:30:40 [INFO] [ROUTE #104] Visited https://www.mountainproject.com/route/125184286/the-punk-and-the-godfather
15:30:40 [INFO] N-Images: 0
15:30:40 [INFO] [ROUTE #105] Visited https://www.mountainproject.com/route/127150014/weekend-warrior
15:30:40 [INFO] N-Images: 0
15:30:40 [INFO] [ROUTE #106] Visited https://www.mountainproject.com/route/127150080/enchilada
15:30:40 [INFO] N-Images: 0
15:30:40 [INFO] [ROUTE #107] Visited https://www.mountainproject.com/route/116993065/sundog
15:30:40 [INFO] N-Images: 2
15:30:40 [INFO] [ROUTE #108] Visited https://www.mountainproject.com/route/127150090/burrito
15:30:40 [INFO] N-Images: 0
15:30:40 [INFO] [ROUTE #109] Visited https://www.mountainproject.com/route/108286007/plastic-warriors-need-not-apply
15:30:40 [INFO] N-Images: 0
15:30:40 [INFO] [AREA #13] Visited https://www.mountainproject.com/area/115125388/the-castle
15:30:41 [INFO] [ROUTE #110] Visited https://www.mountainproject.com/route/127150117/make-my-day
15:30:41 [INFO] N-Images: 0
15:30:41 [INFO] [ROUTE #111] Visited https://www.mountainproject.com/route/127150176/the-castle
15:30:41 [INFO] N-Images: 0
15:30:41 [INFO] [ROUTE #112] Visited https://www.mountainproject.com/route/201087486/elegy-for-gut
15:30:41 [INFO] N-Images: 0
15:30:41 [INFO] [ROUTE #113] Visited https://www.mountainproject.com/route/113408246/hiromis-route
15:30:41 [INFO] N-Images: 3
15:30:41 [INFO] [ROUTE #114] Visited https://www.mountainproject.com/route/126918299/oh-ya-it-fits
15:30:41 [INFO] N-Images: 0
15:30:41 [INFO] [ROUTE #115] Visited https://www.mountainproject.com/route/122526609/weekend-warrior
15:30:41 [INFO] N-Images: 0
15:30:41 [INFO] [ROUTE #116] Visited https://www.mountainproject.com/route/115125465/hybrid
15:30:41 [INFO] N-Images: 1
15:30:41 [INFO] [ROUTE #117] Visited https://www.mountainproject.com/route/127150142/where-eagles-dare
15:30:41 [INFO] N-Images: 0
15:30:41 [INFO] [ROUTE #118] Visited https://www.mountainproject.com/route/117029149/come-and-get-it
15:30:41 [INFO] N-Images: 1
15:30:41 [INFO] [ROUTE #119] Visited https://www.mountainproject.com/route/125140298/death-block-roulette
15:30:41 [INFO] N-Images: 0
15:30:41 [INFO] [AREA #14] Visited https://www.mountainproject.com/area/108296639/dance-wall
15:30:42 [INFO] [ROUTE #120] Visited https://www.mountainproject.com/route/125263342/spring-thaw
15:30:42 [INFO] N-Images: 0
15:30:42 [INFO] [ROUTE #121] Visited https://www.mountainproject.com/route/108296646/grunge
15:30:42 [INFO] N-Images: 2
15:30:42 [INFO] [ROUTE #122] Visited https://www.mountainproject.com/route/114488191/climb-story
15:30:42 [INFO] N-Images: 1
15:30:42 [INFO] [ROUTE #123] Visited https://www.mountainproject.com/route/113387991/foxtrot
15:30:42 [INFO] N-Images: 3
15:30:42 [INFO] [ROUTE #124] Visited https://www.mountainproject.com/route/124478885/lest-we-forget
15:30:42 [INFO] N-Images: 0
15:30:42 [INFO] [ROUTE #125] Visited https://www.mountainproject.com/route/113408214/bolero
15:30:42 [INFO] N-Images: 3
15:30:42 [INFO] [ROUTE #126] Visited https://www.mountainproject.com/route/114488118/upwardly-mobile
15:30:42 [INFO] N-Images: 0
15:30:42 [INFO] [ROUTE #127] Visited https://www.mountainproject.com/route/126871587/stupid-tree
15:30:42 [INFO] N-Images: 0
15:30:42 [INFO] [ROUTE #128] Visited https://www.mountainproject.com/route/114488222/twist
15:30:42 [INFO] N-Images: 1
15:30:42 [INFO] [ROUTE #129] Visited https://www.mountainproject.com/route/114488207/two-to-tango
15:30:42 [INFO] N-Images: 0
15:30:42 [INFO] [ROUTE #130] Visited https://www.mountainproject.com/route/113387984/sian
15:30:42 [INFO] N-Images: 0
15:30:42 [INFO] [ROUTE #131] Visited https://www.mountainproject.com/route/113388014/zoomba
15:30:42 [INFO] N-Images: 2
15:30:43 [INFO] [ROUTE #132] Visited https://www.mountainproject.com/route/126918360/winter-carnival
15:30:43 [INFO] N-Images: 0
15:30:43 [INFO] [ROUTE #133] Visited https://www.mountainproject.com/route/117393169/mambo
15:30:43 [INFO] N-Images: 0
15:30:43 [INFO] [ROUTE #134] Visited https://www.mountainproject.com/route/113388011/polka
15:30:43 [INFO] N-Images: 1
15:30:43 [INFO] [ROUTE #135] Visited https://www.mountainproject.com/route/113388004/the-charleston
15:30:43 [INFO] N-Images: 1
15:30:43 [INFO] [ROUTE #136] Visited https://www.mountainproject.com/route/117000097/rumba
15:30:43 [INFO] N-Images: 1
15:30:43 [INFO] [ROUTE #137] Visited https://www.mountainproject.com/route/113586221/cha-cha
15:30:43 [INFO] N-Images: 1
15:30:43 [INFO] [ROUTE #138] Visited https://www.mountainproject.com/route/117393156/tango
15:30:43 [INFO] N-Images: 0
15:30:43 [INFO] [AREA #15] Visited https://www.mountainproject.com/area/108285945/ivory-tower
15:30:43 [INFO] [ROUTE #139] Visited https://www.mountainproject.com/route/114488253/crazy-doctor
15:30:43 [INFO] N-Images: 0
15:30:43 [INFO] [ROUTE #140] Visited https://www.mountainproject.com/route/114488264/zona-rosa
15:30:43 [INFO] N-Images: 0
15:30:43 [INFO] [ROUTE #141] Visited https://www.mountainproject.com/route/108285950/the-510
15:30:43 [INFO] N-Images: 0
15:30:43 [INFO] [ROUTE #142] Visited https://www.mountainproject.com/route/124552250/bam-pow-zowie
15:30:43 [INFO] N-Images: 0
15:30:43 [INFO] [ROUTE #143] Visited https://www.mountainproject.com/route/114488283/the-long-wait
15:30:43 [INFO] N-Images: 1
15:30:43 [INFO] [AREA #16] Visited https://www.mountainproject.com/area/108285912/new-wall
15:30:44 [INFO] [ROUTE #144] Visited https://www.mountainproject.com/route/116834232/unity
15:30:44 [INFO] N-Images: 0
15:30:44 [INFO] [ROUTE #145] Visited https://www.mountainproject.com/route/108285915/goose
15:30:44 [INFO] N-Images: 0
15:30:44 [INFO] [ROUTE #146] Visited https://www.mountainproject.com/route/114488310/irreplaceable
15:30:44 [INFO] N-Images: 0
15:30:44 [INFO] [AREA #17] Visited https://www.mountainproject.com/area/114977107/ground-zero-area
15:30:45 [INFO] [ROUTE #147] Visited https://www.mountainproject.com/route/116834560/access
15:30:45 [INFO] N-Images: 0
15:30:45 [INFO] [ROUTE #148] Visited https://www.mountainproject.com/route/116834469/mephisto
15:30:45 [INFO] N-Images: 0
15:30:45 [INFO] [ROUTE #149] Visited https://www.mountainproject.com/route/116834409/aftershock
15:30:45 [INFO] N-Images: 0
15:30:45 [INFO] [ROUTE #150] Visited https://www.mountainproject.com/route/114978719/ground-zero
15:30:45 [INFO] N-Images: 1
15:30:45 [INFO] [ROUTE #151] Visited https://www.mountainproject.com/route/116834533/double-feature
15:30:45 [INFO] N-Images: 0
15:30:45 [INFO] [AREA #18] Visited https://www.mountainproject.com/area/108221370/the-cats-tail
15:30:46 [INFO] [ROUTE #152] Visited https://www.mountainproject.com/route/113522192/swan-song
15:30:46 [INFO] N-Images: 8
15:30:46 [INFO] [ROUTE #153] Visited https://www.mountainproject.com/route/115320038/dogleg
15:30:46 [INFO] N-Images: 1
15:30:46 [INFO] [ROUTE #154] Visited https://www.mountainproject.com/route/108285890/stuck-in-the-middle
15:30:46 [INFO] N-Images: 1
15:30:46 [INFO] [ROUTE #155] Visited https://www.mountainproject.com/route/114551046/route-77
15:30:46 [INFO] N-Images: 2
15:30:46 [INFO] [ROUTE #156] Visited https://www.mountainproject.com/route/124731650/rays-ceiling
15:30:46 [INFO] N-Images: 1
15:30:46 [INFO] [ROUTE #157] Visited https://www.mountainproject.com/route/108221375/the-cats-tail
15:30:46 [INFO] N-Images: 8
15:30:46 [INFO] [ROUTE #158] Visited https://www.mountainproject.com/route/124731685/knees-and-elbows
15:30:46 [INFO] N-Images: 2
15:30:46 [INFO] [ROUTE #159] Visited https://www.mountainproject.com/route/123055555/the-cats-whisker
15:30:46 [INFO] N-Images: 0
15:30:46 [INFO] [ROUTE #160] Visited https://www.mountainproject.com/route/113799211/the-graduate
15:30:46 [INFO] N-Images: 6
15:30:46 [INFO] [ROUTE #161] Visited https://www.mountainproject.com/route/108285900/second-agreement
15:30:46 [INFO] N-Images: 0
15:30:46 [INFO] [ROUTE #162] Visited https://www.mountainproject.com/route/114551040/o-the-cats-tail-1040
15:30:46 [INFO] N-Images: 1
15:30:46 [INFO] [ROUTE #163] Visited https://www.mountainproject.com/route/117881021/route-66
15:30:46 [INFO] N-Images: 2
15:30:46 [WARNING] [Attempt 1] Failed to fetch https://www.mountainproject.com/route/108221381/the-big-f: 500, message='Internal Server Error', url='https://www.mountainproject.com/route/108221381/the-big-f'
15:30:49 [WARNING] [Attempt 2] Failed to fetch https://www.mountainproject.com/route/108221381/the-big-f: 500, message='Internal Server Error', url='https://www.mountainproject.com/route/108221381/the-big-f'
15:30:51 [WARNING] [Attempt 3] Failed to fetch https://www.mountainproject.com/route/108221381/the-big-f: 500, message='Internal Server Error', url='https://www.mountainproject.com/route/108221381/the-big-f'
15:30:53 [ERROR] Failed to fetch https://www.mountainproject.com/route/108221381/the-big-f after 3 attempts
15:34:27 [INFO] [AREA #1] Visited https://www.mountainproject.com/area/106358863/mount-nemo
15:34:29 [INFO] [AREA #2] Visited https://www.mountainproject.com/area/114955396/the-turtle
15:34:30 [INFO] [ROUTE #0] Visited https://www.mountainproject.com/route/124845554/20-feet-to-france
15:34:30 [INFO] N-Images: 0
15:34:30 [INFO] [ROUTE #1] Visited https://www.mountainproject.com/route/115337676/jens-corner
15:34:30 [INFO] N-Images: 2
15:34:30 [INFO] [ROUTE #2] Visited https://www.mountainproject.com/route/114955411/boneshaker
15:34:30 [INFO] N-Images: 1
15:34:30 [INFO] [ROUTE #3] Visited https://www.mountainproject.com/route/115337721/sid
15:34:30 [INFO] N-Images: 1
15:34:30 [INFO] [ROUTE #4] Visited https://www.mountainproject.com/route/124845516/the-deuce
15:34:30 [INFO] N-Images: 0
15:34:30 [INFO] [ROUTE #5] Visited https://www.mountainproject.com/route/114955421/the-swan-king
15:34:30 [INFO] N-Images: 0
15:34:30 [INFO] [ROUTE #6] Visited https://www.mountainproject.com/route/124845591/rude-roof-closed-project
15:34:30 [INFO] N-Images: 0
15:34:31 [INFO] [ROUTE #7] Visited https://www.mountainproject.com/route/122629767/target-guam
15:34:31 [INFO] N-Images: 1
15:34:31 [INFO] [ROUTE #8] Visited https://www.mountainproject.com/route/123228277/left-popsicle-twin
15:34:31 [INFO] N-Images: 1
15:34:31 [INFO] [ROUTE #9] Visited https://www.mountainproject.com/route/122240066/mad-dog
15:34:31 [INFO] N-Images: 1
15:34:31 [INFO] [ROUTE #10] Visited https://www.mountainproject.com/route/114955448/journey-to-ixtlan
15:34:31 [INFO] N-Images: 0
15:34:31 [INFO] [ROUTE #11] Visited https://www.mountainproject.com/route/122686631/we-were-promised-jetpacks
15:34:31 [INFO] N-Images: 1
15:34:31 [INFO] [ROUTE #12] Visited https://www.mountainproject.com/route/124845502/nancy
15:34:31 [INFO] N-Images: 0
15:34:31 [INFO] [ROUTE #13] Visited https://www.mountainproject.com/route/122240040/forgotten-rebels
15:34:31 [INFO] N-Images: 1
15:34:31 [INFO] [ROUTE #14] Visited https://www.mountainproject.com/route/121506484/swiss-cheese
15:34:31 [INFO] N-Images: 2
15:34:31 [INFO] [ROUTE #15] Visited https://www.mountainproject.com/route/122239991/vuvuzela
15:34:31 [INFO] N-Images: 1
15:34:32 [INFO] [ROUTE #16] Visited https://www.mountainproject.com/route/114955452/zen-and-the-art-of-archery
15:34:32 [INFO] N-Images: 1
15:34:32 [INFO] [ROUTE #17] Visited https://www.mountainproject.com/route/121506507/blondie
15:34:32 [INFO] N-Images: 2
15:34:32 [INFO] [ROUTE #18] Visited https://www.mountainproject.com/route/121543560/right-popsicle-twin
15:34:32 [INFO] N-Images: 1
15:34:32 [INFO] [ROUTE #19] Visited https://www.mountainproject.com/route/115337702/the-snapper
15:34:32 [INFO] N-Images: 2
15:34:32 [INFO] [ROUTE #20] Visited https://www.mountainproject.com/route/121543533/zack-attack
15:34:32 [INFO] N-Images: 0
15:34:32 [INFO] [ROUTE #21] Visited https://www.mountainproject.com/route/114955439/sick-runouts
15:34:32 [INFO] N-Images: 6
15:34:32 [INFO] [ROUTE #22] Visited https://www.mountainproject.com/route/122686700/cathys-challenge
15:34:32 [INFO] N-Images: 1
15:34:32 [INFO] [AREA #3] Visited https://www.mountainproject.com/area/123226886/the-quiet-section
15:34:32 [INFO] [ROUTE #23] Visited https://www.mountainproject.com/route/123226954/thesaureor
15:34:32 [INFO] N-Images: 0
15:34:32 [INFO] [ROUTE #24] Visited https://www.mountainproject.com/route/123226904/bookends
15:34:32 [INFO] N-Images: 1
15:34:32 [INFO] [AREA #4] Visited https://www.mountainproject.com/area/123201822/big-game-ledge
15:34:33 [INFO] [ROUTE #25] Visited https://www.mountainproject.com/route/124043871/tortilla
15:34:33 [INFO] N-Images: 0
15:34:33 [INFO] [ROUTE #26] Visited https://www.mountainproject.com/route/122526626/nova
15:34:33 [INFO] N-Images: 0
15:34:33 [INFO] [ROUTE #27] Visited https://www.mountainproject.com/route/124043891/burrito
15:34:33 [INFO] N-Images: 0
15:34:33 [INFO] [ROUTE #28] Visited https://www.mountainproject.com/route/124043912/nacho
15:34:33 [INFO] N-Images: 0
15:34:33 [INFO] [ROUTE #29] Visited https://www.mountainproject.com/route/122526637/taco
15:34:33 [INFO] N-Images: 0
15:34:33 [INFO] [ROUTE #30] Visited https://www.mountainproject.com/route/127134716/missing-toe
15:34:33 [INFO] N-Images: 1
15:34:33 [INFO] [ROUTE #31] Visited https://www.mountainproject.com/route/123201855/big-game-tag
15:34:33 [INFO] N-Images: 0
15:34:33 [INFO] [ROUTE #32] Visited https://www.mountainproject.com/route/124478857/sundog
15:34:33 [INFO] N-Images: 0
15:34:33 [INFO] [AREA #5] Visited https://www.mountainproject.com/area/108153367/gooseberry
15:34:34 [INFO] [ROUTE #33] Visited https://www.mountainproject.com/route/113194687/no-sweat
15:34:34 [INFO] N-Images: 0
15:34:34 [INFO] [ROUTE #34] Visited https://www.mountainproject.com/route/114486878/the-black-wall
15:34:34 [INFO] N-Images: 1
15:34:34 [INFO] [ROUTE #35] Visited https://www.mountainproject.com/route/108161787/easy-steps
15:34:34 [INFO] N-Images: 2
15:34:34 [INFO] [ROUTE #36] Visited https://www.mountainproject.com/route/113387960/fixing-the-bridge
15:34:34 [INFO] N-Images: 0
15:34:34 [INFO] [ROUTE #37] Visited https://www.mountainproject.com/route/122450558/rimes-with-orange
15:34:34 [INFO] N-Images: 0
15:34:34 [INFO] [ROUTE #38] Visited https://www.mountainproject.com/route/108153370/too-fast-in-fog
15:34:34 [INFO] N-Images: 1
15:34:34 [INFO] [ROUTE #39] Visited https://www.mountainproject.com/route/113194676/easy-does-it
15:34:34 [INFO] N-Images: 0
15:34:34 [INFO] [ROUTE #40] Visited https://www.mountainproject.com/route/114486884/sharptooth
15:34:34 [INFO] N-Images: 0
15:34:34 [INFO] [ROUTE #41] Visited https://www.mountainproject.com/route/114486872/good-to-the-last-drop
15:34:34 [INFO] N-Images: 0
15:34:34 [INFO] [ROUTE #42] Visited https://www.mountainproject.com/route/108161792/half-of-64
15:34:34 [INFO] N-Images: 0
15:34:34 [INFO] [AREA #6] Visited https://www.mountainproject.com/area/108153385/the-big-section
15:34:35 [INFO] [ROUTE #43] Visited https://www.mountainproject.com/route/108161813/friday-fliers
15:34:35 [INFO] N-Images: 1
15:34:35 [INFO] [ROUTE #44] Visited https://www.mountainproject.com/route/108296429/mikes-peel
15:34:35 [INFO] N-Images: 0
15:34:35 [INFO] [ROUTE #45] Visited https://www.mountainproject.com/route/108286061/nips
15:34:35 [INFO] N-Images: 0
15:34:35 [INFO] [ROUTE #46] Visited https://www.mountainproject.com/route/108161799/hollow-winds
15:34:35 [INFO] N-Images: 0
15:34:35 [INFO] [ROUTE #47] Visited https://www.mountainproject.com/route/108286047/circling-the-areola
15:34:35 [INFO] N-Images: 0
15:34:35 [INFO] [ROUTE #48] Visited https://www.mountainproject.com/route/108153403/tits-up
15:34:35 [INFO] N-Images: 1
15:34:35 [INFO] [ROUTE #49] Visited https://www.mountainproject.com/route/108153388/now-what
15:34:35 [INFO] N-Images: 1
15:34:35 [INFO] [AREA #7] Visited https://www.mountainproject.com/area/126751597/the-dead-zone
15:34:36 [INFO] [ROUTE #50] Visited https://www.mountainproject.com/route/126751848/dufte
15:34:36 [INFO] N-Images: 0
15:34:36 [INFO] [ROUTE #51] Visited https://www.mountainproject.com/route/126751607/duff
15:34:36 [INFO] N-Images: 1
15:34:36 [INFO] [AREA #8] Visited https://www.mountainproject.com/area/108153463/helmuts-wall
15:34:37 [INFO] [ROUTE #52] Visited https://www.mountainproject.com/route/201563509/hand-that-cradles-the-rock
15:34:37 [INFO] N-Images: 0
15:34:37 [INFO] [ROUTE #53] Visited https://www.mountainproject.com/route/200861065/adrenaline-junkie
15:34:37 [INFO] N-Images: 0
15:34:37 [INFO] [ROUTE #54] Visited https://www.mountainproject.com/route/113639967/dicks-direct
15:34:37 [INFO] N-Images: 0
15:34:37 [INFO] [ROUTE #55] Visited https://www.mountainproject.com/route/108153466/helmuts-route
15:34:37 [INFO] N-Images: 0
15:34:37 [INFO] [AREA #9] Visited https://www.mountainproject.com/area/113151167/central-wall
15:34:38 [INFO] [ROUTE #56] Visited https://www.mountainproject.com/route/114487664/mean-streaks
15:34:38 [INFO] N-Images: 2
15:34:38 [INFO] [ROUTE #57] Visited https://www.mountainproject.com/route/114487820/weak-and-fat-will-work-for-asparagus
15:34:38 [INFO] N-Images: 2
15:34:38 [INFO] [ROUTE #58] Visited https://www.mountainproject.com/route/115138589/polly-direct
15:34:38 [INFO] N-Images: 1
15:34:38 [INFO] [ROUTE #59] Visited https://www.mountainproject.com/route/113194734/the-roof
15:34:38 [INFO] N-Images: 1
15:34:38 [INFO] [ROUTE #60] Visited https://www.mountainproject.com/route/114487770/nicorette
15:34:38 [INFO] N-Images: 2
15:34:38 [INFO] [ROUTE #61] Visited https://www.mountainproject.com/route/114487748/scarface
15:34:38 [INFO] N-Images: 2
15:34:38 [INFO] [ROUTE #62] Visited https://www.mountainproject.com/route/113151190/are-you-a-fireman-so-why-the-big-hose
15:34:38 [INFO] N-Images: 2
15:34:38 [INFO] [ROUTE #63] Visited https://www.mountainproject.com/route/113151173/ten-pound-lunker-bass
15:34:38 [INFO] N-Images: 0
15:34:38 [INFO] [ROUTE #64] Visited https://www.mountainproject.com/route/113194718/polly-vicini
15:34:38 [INFO] N-Images: 1
15:34:38 [INFO] [ROUTE #65] Visited https://www.mountainproject.com/route/113151230/farewell-infidel
15:34:38 [INFO] N-Images: 0
15:34:38 [INFO] [ROUTE #66] Visited https://www.mountainproject.com/route/113194706/cinderella
15:34:38 [INFO] N-Images: 1
15:34:38 [INFO] [ROUTE #67] Visited https://www.mountainproject.com/route/114487828/enchiridion
15:34:38 [INFO] N-Images: 1
15:34:38 [INFO] [AREA #10] Visited https://www.mountainproject.com/area/108153479/alfreds-wall
15:34:39 [INFO] [ROUTE #68] Visited https://www.mountainproject.com/route/113182687/anticlimax
15:34:39 [INFO] N-Images: 0
15:34:39 [INFO] [ROUTE #69] Visited https://www.mountainproject.com/route/113182702/wide-load
15:34:39 [INFO] N-Images: 3
15:34:39 [INFO] [ROUTE #70] Visited https://www.mountainproject.com/route/114487910/running-towards-nothing
15:34:39 [INFO] N-Images: 1
15:34:39 [INFO] [ROUTE #71] Visited https://www.mountainproject.com/route/115372790/the-seventh-origin-of-alfred
15:34:39 [INFO] N-Images: 3
15:34:39 [INFO] [ROUTE #72] Visited https://www.mountainproject.com/route/122448263/leah
15:34:39 [INFO] N-Images: 0
15:34:39 [INFO] [ROUTE #73] Visited https://www.mountainproject.com/route/113461332/as-you-like-it
15:34:39 [INFO] N-Images: 3
15:34:39 [INFO] [ROUTE #74] Visited https://www.mountainproject.com/route/108296452/vanna-pick-me-a-number
15:34:39 [INFO] N-Images: 0
15:34:39 [INFO] [ROUTE #75] Visited https://www.mountainproject.com/route/114487854/stand-and-deliver
15:34:39 [INFO] N-Images: 0
15:34:39 [INFO] [ROUTE #76] Visited https://www.mountainproject.com/route/114487869/wishbone
15:34:39 [INFO] N-Images: 1
15:34:39 [INFO] [ROUTE #77] Visited https://www.mountainproject.com/route/108153503/crazy-legs-ale
15:34:39 [INFO] N-Images: 0
15:34:39 [INFO] [ROUTE #78] Visited https://www.mountainproject.com/route/113182712/live-bait
15:34:39 [INFO] N-Images: 2
15:34:39 [INFO] [ROUTE #79] Visited https://www.mountainproject.com/route/108153491/erics-first
15:34:39 [INFO] N-Images: 0
15:34:39 [INFO] [ROUTE #80] Visited https://www.mountainproject.com/route/115372665/lost-in-the-forest
15:34:39 [INFO] N-Images: 1
15:34:39 [INFO] [AREA #11] Visited https://www.mountainproject.com/area/108286023/iguana-wall
15:34:40 [INFO] [ROUTE #81] Visited https://www.mountainproject.com/route/114488017/catch-as-catch-can
15:34:40 [INFO] N-Images: 0
15:34:40 [INFO] [ROUTE #82] Visited https://www.mountainproject.com/route/114487997/tall-order
15:34:40 [INFO] N-Images: 0
15:34:40 [INFO] [ROUTE #83] Visited https://www.mountainproject.com/route/125184346/iguana-corner
15:34:40 [INFO] N-Images: 0
15:34:40 [INFO] [ROUTE #84] Visited https://www.mountainproject.com/route/126377267/revival
15:34:40 [INFO] N-Images: 0
15:34:40 [INFO] [ROUTE #85] Visited https://www.mountainproject.com/route/113664885/nostalgia
15:34:40 [INFO] N-Images: 1
15:34:40 [INFO] [ROUTE #86] Visited https://www.mountainproject.com/route/126377330/big-o-tree
15:34:40 [INFO] N-Images: 0
15:34:40 [INFO] [ROUTE #87] Visited https://www.mountainproject.com/route/123182971/earthmen
15:34:40 [INFO] N-Images: 1
15:34:40 [INFO] [ROUTE #88] Visited https://www.mountainproject.com/route/113194752/i-owe-a-lot-of-money-to-a-man-name-guido
15:34:41 [INFO] N-Images: 4
15:34:41 [INFO] [ROUTE #89] Visited https://www.mountainproject.com/route/113562344/the-odyssey
15:34:41 [INFO] N-Images: 2
15:34:41 [INFO] [ROUTE #90] Visited https://www.mountainproject.com/route/113194766/is-she-pretty
15:34:41 [INFO] N-Images: 2
15:34:41 [INFO] [ROUTE #91] Visited https://www.mountainproject.com/route/113553057/the-hunchback
15:34:41 [INFO] N-Images: 1
15:34:41 [INFO] [ROUTE #92] Visited https://www.mountainproject.com/route/122449862/big-bolts-for-daddy
15:34:41 [INFO] N-Images: 1
15:34:41 [INFO] [ROUTE #93] Visited https://www.mountainproject.com/route/114487971/forever-young
15:34:41 [INFO] N-Images: 1
15:34:41 [INFO] [ROUTE #94] Visited https://www.mountainproject.com/route/114487947/fear-and-loathing
15:34:41 [INFO] N-Images: 1
15:34:41 [INFO] [ROUTE #95] Visited https://www.mountainproject.com/route/121604013/ten-d-nitus
15:34:41 [INFO] N-Images: 2
15:34:41 [INFO] [ROUTE #96] Visited https://www.mountainproject.com/route/108286033/third-time-lucky
15:34:41 [INFO] N-Images: 1
15:34:41 [INFO] [ROUTE #97] Visited https://www.mountainproject.com/route/114487954/train-in-vain
15:34:41 [INFO] N-Images: 1
15:34:41 [INFO] [ROUTE #98] Visited https://www.mountainproject.com/route/122449871/upper-canada-rebellion
15:34:41 [INFO] N-Images: 2
15:34:41 [INFO] [AREA #12] Visited https://www.mountainproject.com/area/108285999/white-trash
15:34:42 [INFO] [ROUTE #99] Visited https://www.mountainproject.com/route/127150014/weekend-warrior
15:34:42 [INFO] N-Images: 0
15:34:42 [INFO] [ROUTE #100] Visited https://www.mountainproject.com/route/127149945/eclipse
15:34:42 [INFO] N-Images: 0
15:34:42 [INFO] [ROUTE #101] Visited https://www.mountainproject.com/route/127149959/lost-and-found
15:34:42 [INFO] N-Images: 0
15:34:42 [INFO] [ROUTE #102] Visited https://www.mountainproject.com/route/108286007/plastic-warriors-need-not-apply
15:34:42 [INFO] N-Images: 0
15:34:42 [INFO] [ROUTE #103] Visited https://www.mountainproject.com/route/127150090/burrito
15:34:42 [INFO] N-Images: 0
15:34:42 [INFO] [ROUTE #104] Visited https://www.mountainproject.com/route/125184286/the-punk-and-the-godfather
15:34:42 [INFO] N-Images: 0
15:34:42 [INFO] [ROUTE #105] Visited https://www.mountainproject.com/route/127150080/enchilada
15:34:42 [INFO] N-Images: 0
15:34:42 [INFO] [ROUTE #106] Visited https://www.mountainproject.com/route/127150044/nacho
15:34:42 [INFO] N-Images: 0
15:34:42 [INFO] [ROUTE #107] Visited https://www.mountainproject.com/route/127150031/big-game-tag
15:34:42 [INFO] N-Images: 0
15:34:42 [INFO] [ROUTE #108] Visited https://www.mountainproject.com/route/116993065/sundog
15:34:42 [INFO] N-Images: 2
15:34:42 [INFO] [ROUTE #109] Visited https://www.mountainproject.com/route/127150058/kung-fu-queue
15:34:42 [INFO] N-Images: 0
15:34:42 [INFO] [AREA #13] Visited https://www.mountainproject.com/area/115125388/the-castle
15:34:43 [INFO] [ROUTE #110] Visited https://www.mountainproject.com/route/117029149/come-and-get-it
15:34:43 [INFO] N-Images: 1
15:34:43 [INFO] [ROUTE #111] Visited https://www.mountainproject.com/route/122526609/weekend-warrior
15:34:43 [INFO] N-Images: 0
15:34:43 [INFO] [ROUTE #112] Visited https://www.mountainproject.com/route/127150176/the-castle
15:34:43 [INFO] N-Images: 0
15:34:43 [INFO] [ROUTE #113] Visited https://www.mountainproject.com/route/127150142/where-eagles-dare
15:34:43 [INFO] N-Images: 0
15:34:43 [INFO] [ROUTE #114] Visited https://www.mountainproject.com/route/201087486/elegy-for-gut
15:34:43 [INFO] N-Images: 0
15:34:43 [INFO] [ROUTE #115] Visited https://www.mountainproject.com/route/126918299/oh-ya-it-fits
15:34:43 [INFO] N-Images: 0
15:34:43 [INFO] [ROUTE #116] Visited https://www.mountainproject.com/route/125140298/death-block-roulette
15:34:43 [INFO] N-Images: 0
15:34:43 [INFO] [ROUTE #117] Visited https://www.mountainproject.com/route/115125465/hybrid
15:34:43 [INFO] N-Images: 1
15:34:43 [INFO] [ROUTE #118] Visited https://www.mountainproject.com/route/127150117/make-my-day
15:34:43 [INFO] N-Images: 0
15:34:43 [INFO] [ROUTE #119] Visited https://www.mountainproject.com/route/113408246/hiromis-route
15:34:43 [INFO] N-Images: 3
15:34:43 [INFO] [AREA #14] Visited https://www.mountainproject.com/area/108296639/dance-wall
15:34:44 [INFO] [ROUTE #120] Visited https://www.mountainproject.com/route/126871587/stupid-tree
15:34:44 [INFO] N-Images: 0
15:34:44 [INFO] [ROUTE #121] Visited https://www.mountainproject.com/route/113388004/the-charleston
15:34:44 [INFO] N-Images: 1
15:34:44 [INFO] [ROUTE #122] Visited https://www.mountainproject.com/route/113408214/bolero
15:34:44 [INFO] N-Images: 3
15:34:44 [INFO] [ROUTE #123] Visited https://www.mountainproject.com/route/117000097/rumba
15:34:44 [INFO] N-Images: 1
15:34:44 [INFO] [ROUTE #124] Visited https://www.mountainproject.com/route/113388011/polka
15:34:44 [INFO] N-Images: 1
15:34:44 [INFO] [ROUTE #125] Visited https://www.mountainproject.com/route/124478885/lest-we-forget
15:34:44 [INFO] N-Images: 0
15:34:44 [INFO] [ROUTE #126] Visited https://www.mountainproject.com/route/113387984/sian
15:34:44 [INFO] N-Images: 0
15:34:44 [INFO] [ROUTE #127] Visited https://www.mountainproject.com/route/113387991/foxtrot
15:34:44 [INFO] N-Images: 3
15:34:44 [INFO] [ROUTE #128] Visited https://www.mountainproject.com/route/125263342/spring-thaw
15:34:44 [INFO] N-Images: 0
15:34:44 [INFO] [ROUTE #129] Visited https://www.mountainproject.com/route/117393169/mambo
15:34:44 [INFO] N-Images: 0
15:34:44 [INFO] [ROUTE #130] Visited https://www.mountainproject.com/route/114488191/climb-story
15:34:44 [INFO] N-Images: 1
15:34:44 [INFO] [ROUTE #131] Visited https://www.mountainproject.com/route/117393156/tango
15:34:44 [INFO] N-Images: 0
15:34:44 [INFO] [ROUTE #132] Visited https://www.mountainproject.com/route/108296646/grunge
15:34:44 [INFO] N-Images: 2
15:34:44 [INFO] [ROUTE #133] Visited https://www.mountainproject.com/route/114488207/two-to-tango
15:34:44 [INFO] N-Images: 0
15:34:45 [INFO] [ROUTE #134] Visited https://www.mountainproject.com/route/113388014/zoomba
15:34:45 [INFO] N-Images: 2
15:34:45 [INFO] [ROUTE #135] Visited https://www.mountainproject.com/route/114488118/upwardly-mobile
15:34:45 [INFO] N-Images: 0
15:34:45 [INFO] [ROUTE #136] Visited https://www.mountainproject.com/route/126918360/winter-carnival
15:34:45 [INFO] N-Images: 0
15:34:45 [INFO] [ROUTE #137] Visited https://www.mountainproject.com/route/114488222/twist
15:34:45 [INFO] N-Images: 1
15:34:45 [INFO] [ROUTE #138] Visited https://www.mountainproject.com/route/113586221/cha-cha
15:34:45 [INFO] N-Images: 1
15:34:45 [INFO] [AREA #15] Visited https://www.mountainproject.com/area/108285945/ivory-tower
15:34:45 [INFO] [ROUTE #139] Visited https://www.mountainproject.com/route/108285950/the-510
15:34:45 [INFO] N-Images: 0
15:34:45 [INFO] [ROUTE #140] Visited https://www.mountainproject.com/route/114488264/zona-rosa
15:34:45 [INFO] N-Images: 0
15:34:45 [INFO] [ROUTE #141] Visited https://www.mountainproject.com/route/124552250/bam-pow-zowie
15:34:45 [INFO] N-Images: 0
15:34:45 [INFO] [ROUTE #142] Visited https://www.mountainproject.com/route/114488253/crazy-doctor
15:34:45 [INFO] N-Images: 0
15:34:45 [INFO] [ROUTE #143] Visited https://www.mountainproject.com/route/114488283/the-long-wait
15:34:45 [INFO] N-Images: 1
15:34:45 [INFO] [AREA #16] Visited https://www.mountainproject.com/area/108285912/new-wall
15:34:46 [INFO] [ROUTE #144] Visited https://www.mountainproject.com/route/108285915/goose
15:34:46 [INFO] N-Images: 0
15:34:46 [INFO] [ROUTE #145] Visited https://www.mountainproject.com/route/114488310/irreplaceable
15:34:46 [INFO] N-Images: 0
15:34:46 [INFO] [ROUTE #146] Visited https://www.mountainproject.com/route/116834232/unity
15:34:46 [INFO] N-Images: 0
15:34:46 [INFO] [AREA #17] Visited https://www.mountainproject.com/area/114977107/ground-zero-area
15:34:47 [INFO] [ROUTE #147] Visited https://www.mountainproject.com/route/116834469/mephisto
15:34:47 [INFO] N-Images: 0
15:34:47 [INFO] [ROUTE #148] Visited https://www.mountainproject.com/route/116834533/double-feature
15:34:47 [INFO] N-Images: 0
15:34:47 [INFO] [ROUTE #149] Visited https://www.mountainproject.com/route/114978719/ground-zero
15:34:47 [INFO] N-Images: 1
15:34:47 [INFO] [ROUTE #150] Visited https://www.mountainproject.com/route/116834560/access
15:34:47 [INFO] N-Images: 0
15:34:47 [INFO] [ROUTE #151] Visited https://www.mountainproject.com/route/116834409/aftershock
15:34:47 [INFO] N-Images: 0
15:34:47 [INFO] [AREA #18] Visited https://www.mountainproject.com/area/108221370/the-cats-tail
15:34:48 [INFO] [ROUTE #152] Visited https://www.mountainproject.com/route/124731685/knees-and-elbows
15:34:48 [INFO] N-Images: 2
15:34:48 [INFO] [ROUTE #153] Visited https://www.mountainproject.com/route/113799211/the-graduate
15:34:48 [INFO] N-Images: 6
15:34:48 [INFO] [ROUTE #154] Visited https://www.mountainproject.com/route/123055555/the-cats-whisker
15:34:48 [INFO] N-Images: 0
15:34:48 [INFO] [ROUTE #155] Visited https://www.mountainproject.com/route/114551046/route-77
15:34:48 [INFO] N-Images: 2
15:34:48 [INFO] [ROUTE #156] Visited https://www.mountainproject.com/route/124731650/rays-ceiling
15:34:48 [INFO] N-Images: 1
15:34:48 [INFO] [ROUTE #157] Visited https://www.mountainproject.com/route/108221375/the-cats-tail
15:34:48 [INFO] N-Images: 8
15:34:48 [INFO] [ROUTE #158] Visited https://www.mountainproject.com/route/114551040/o-the-cats-tail-1040
15:34:48 [INFO] N-Images: 1
15:34:48 [INFO] [ROUTE #159] Visited https://www.mountainproject.com/route/113522192/swan-song
15:34:48 [INFO] N-Images: 8
15:34:48 [INFO] [ROUTE #160] Visited https://www.mountainproject.com/route/108285890/stuck-in-the-middle
15:34:48 [INFO] N-Images: 1
15:34:48 [INFO] [ROUTE #161] Visited https://www.mountainproject.com/route/117881021/route-66
15:34:48 [INFO] N-Images: 2
15:34:48 [INFO] [ROUTE #162] Visited https://www.mountainproject.com/route/115320038/dogleg
15:34:48 [INFO] N-Images: 1
15:34:48 [INFO] [ROUTE #163] Visited https://www.mountainproject.com/route/108285900/second-agreement
15:34:48 [INFO] N-Images: 0
15:34:48 [ERROR] Failed to fetch https://www.mountainproject.com/route/108221381/the-big-f after 1 attempts
15:34:48 [INFO] [AREA #19] Visited https://www.mountainproject.com/area/108161823/morphine-ledge
15:34:50 [INFO] [ROUTE #164] Visited https://www.mountainproject.com/route/108285833/long-reach
15:34:50 [INFO] N-Images: 0
15:34:50 [INFO] [ROUTE #165] Visited https://www.mountainproject.com/route/127015782/carnal-sin
15:34:50 [INFO] N-Images: 1
15:34:50 [INFO] [ROUTE #166] Visited https://www.mountainproject.com/route/117732609/high-society
15:34:50 [INFO] N-Images: 1
15:34:50 [INFO] [ROUTE #167] Visited https://www.mountainproject.com/route/121531222/sister-morphine
15:34:50 [INFO] N-Images: 6
15:34:50 [INFO] [ROUTE #168] Visited https://www.mountainproject.com/route/127015673/reunion-direct
15:34:50 [INFO] N-Images: 0
15:34:50 [INFO] [ROUTE #169] Visited https://www.mountainproject.com/route/127015724/trajection
15:34:50 [INFO] N-Images: 1
15:34:50 [INFO] [ROUTE #170] Visited https://www.mountainproject.com/route/108161826/reunion
15:34:50 [INFO] N-Images: 0
15:34:50 [INFO] [AREA #20] Visited https://www.mountainproject.com/area/108161840/camel-wall
15:34:51 [INFO] [ROUTE #171] Visited https://www.mountainproject.com/route/108307261/grim-thin-flake
15:34:51 [INFO] N-Images: 0
15:34:51 [INFO] [ROUTE #172] Visited https://www.mountainproject.com/route/114488335/regs-route
15:34:51 [INFO] N-Images: 2
15:34:51 [INFO] [ROUTE #173] Visited https://www.mountainproject.com/route/108285810/double-lead
15:34:51 [INFO] N-Images: 1
15:34:51 [INFO] [ROUTE #174] Visited https://www.mountainproject.com/route/108221353/the-camel
15:34:51 [INFO] N-Images: 2
15:34:51 [INFO] [ROUTE #175] Visited https://www.mountainproject.com/route/108221364/thunder-road
15:34:51 [INFO] N-Images: 0
15:34:51 [INFO] [ROUTE #176] Visited https://www.mountainproject.com/route/108161843/positron
15:34:51 [INFO] N-Images: 0
15:34:51 [INFO] [ROUTE #177] Visited https://www.mountainproject.com/route/109334684/jay
15:34:51 [INFO] N-Images: 0
15:34:51 [INFO] [ROUTE #178] Visited https://www.mountainproject.com/route/108285795/harlequin
15:34:51 [INFO] N-Images: 2
15:34:51 [INFO] [ROUTE #179] Visited https://www.mountainproject.com/route/114404762/old-breed
15:34:51 [INFO] N-Images: 0
15:34:51 [INFO] [AREA #21] Visited https://www.mountainproject.com/area/108221326/the-big-gulp
15:34:52 [INFO] [ROUTE #180] Visited https://www.mountainproject.com/route/113525366/wasp-in-space
15:34:52 [INFO] N-Images: 2
15:34:52 [INFO] [ROUTE #181] Visited https://www.mountainproject.com/route/108221329/judys-on-the-drug-squad
15:34:52 [INFO] N-Images: 2
15:34:52 [INFO] [ROUTE #182] Visited https://www.mountainproject.com/route/113182634/ein-kleines-nacht-klettern
15:34:52 [INFO] N-Images: 0
15:34:52 [INFO] [ROUTE #183] Visited https://www.mountainproject.com/route/113526109/peanut-butter-punch
15:34:52 [INFO] N-Images: 0
15:34:52 [INFO] [ROUTE #184] Visited https://www.mountainproject.com/route/125291103/the-penguin-hatch
15:34:52 [INFO] N-Images: 0
15:34:52 [INFO] [ROUTE #185] Visited https://www.mountainproject.com/route/113182561/four-no-more
15:34:52 [INFO] N-Images: 0
15:34:52 [INFO] [ROUTE #186] Visited https://www.mountainproject.com/route/108221343/butterfingers
15:34:52 [INFO] N-Images: 0
15:34:52 [INFO] [ROUTE #187] Visited https://www.mountainproject.com/route/108285781/palm-sunday
15:34:52 [INFO] N-Images: 3
15:34:52 [INFO] [ROUTE #188] Visited https://www.mountainproject.com/route/114488346/big-sky
15:34:52 [INFO] N-Images: 1
15:34:52 [INFO] [ROUTE #189] Visited https://www.mountainproject.com/route/113468593/madames-deconvience
15:34:52 [INFO] N-Images: 3
15:34:52 [INFO] [ROUTE #190] Visited https://www.mountainproject.com/route/113182652/trauma-belay
15:34:53 [INFO] N-Images: 1
15:34:53 [INFO] [ROUTE #191] Visited https://www.mountainproject.com/route/113387425/red-line-fever
15:34:53 [INFO] N-Images: 2
15:34:53 [INFO] [ROUTE #192] Visited https://www.mountainproject.com/route/125722837/proton
15:34:53 [INFO] N-Images: 0
15:34:53 [INFO] [ROUTE #193] Visited https://www.mountainproject.com/route/114488354/sidewinder
15:34:53 [INFO] N-Images: 1
15:34:53 [INFO] [ROUTE #194] Visited https://www.mountainproject.com/route/113182646/bei-tageslicht
15:34:53 [INFO] N-Images: 1
15:34:53 [INFO] [ROUTE #195] Visited https://www.mountainproject.com/route/113182663/yellow-streak
15:34:53 [INFO] N-Images: 0
15:34:53 [INFO] [ROUTE #196] Visited https://www.mountainproject.com/route/113182595/the-head-mucky-mucky
15:34:53 [INFO] N-Images: 1
15:34:53 [INFO] [ROUTE #197] Visited https://www.mountainproject.com/route/124381444/wormhole
15:34:53 [INFO] N-Images: 1
15:34:53 [INFO] Scraping complete. Tree saved to src/data/trees
15:34:53 [INFO] 
----- SCRAPER ERROR REPORT -----
15:34:53 [INFO] https://www.mountainproject.com/route/108221381/the-big-f -> 500, message='Internal Server Error', url='https://www.mountainproject.com/route/108221381/the-big-f'
15:34:53 [INFO] Total failed URLs: 1
